#
# A fatal error has been detected by the Java Runtime Environment:
#
#  SIGSEGV (0xb) at pc=0x00007fa1f2df5f3a, pid=5135, tid=140334200313600
#
# JRE version: 6.0_31-b04
# Java VM: Java HotSpot(TM) 64-Bit Server VM (20.6-b01 mixed mode linux-amd64 compressed oops)
# Problematic frame:
# C  [libjsound.so+0x1bf3a]  PV_ServeStereoInterp2PartialBuffer+0x14a
#
# If you would like to submit a bug report, please visit:
#   http://java.sun.com/webapps/bugreport/crash.jsp
# The crash happened outside the Java Virtual Machine in native code.
# See problematic frame for where to report the bug.
#

---------------  T H R E A D  ---------------

Current thread (0x00007fa24c3e2800):  JavaThread "Headspace mixer frame proc thread" daemon [_thread_in_native, id=5168, stack(0x00007fa21a18d000,0x00007fa21a28e000)]

siginfo:si_signo=SIGSEGV: si_errno=0, si_code=1 (SEGV_MAPERR), si_addr=0x0000000000000000

Registers:
RAX=0x0000000000000000, RBX=0x0000000000000000, RCX=0x0000000000000000, RDX=0x00007fa1f2e03194
RSP=0x00007fa21a28c550, RBP=0x00007fa24c4ac038, RSI=0x00007fa24c48e130, RDI=0x0000000000000000
R8 =0x0000000010265000, R9 =0x0000000000000000, R10=0x0000000000000000, R11=0x00007fa24c4ae4d0
R12=0x0000000000000001, R13=0x00007fa24c49ef90, R14=0x0000000000000000, R15=0x0000000000000000
RIP=0x00007fa1f2df5f3a, EFLAGS=0x0000000000010246, CSGSFS=0x0000000000000033, ERR=0x0000000000000004
  TRAPNO=0x000000000000000e

Top of Stack: (sp=0x00007fa21a28c550)
0x00007fa21a28c550:   0000000000000000 0000000000000000
0x00007fa21a28c560:   0000000000000000 0000008000000000
0x00007fa21a28c570:   00007fa24c3e29d0 0000000000000000
0x00007fa21a28c580:   0000000000000000 0000000000000000
0x00007fa21a28c590:   00007fa24c49ef90 0000000000000000
0x00007fa21a28c5a0:   0000000000000003 0000000000000000
0x00007fa21a28c5b0:   00007fa24c3e29d0 00007fa1f2df184d
0x00007fa21a28c5c0:   00007fa24c48e130 0000000000000024
0x00007fa21a28c5d0:   00007fa24c48e130 00007fa24c3e29d0
0x00007fa21a28c5e0:   00007fa24c3e29d0 00007fa1f2f06308
0x00007fa21a28c5f0:   00000000d9a3aece 00007fa1f2df3ad8
0x00007fa21a28c600:   00007fa24c48e130 00007fa24c3e29d0
0x00007fa21a28c610:   00007fa24c4d0ce0 00007fa1f2df202e
0x00007fa21a28c620:   00007fa24c48e130 00007fa24c4d0ce0
0x00007fa21a28c630:   0000000000000200 00007fa1f2df1d6b
0x00007fa21a28c640:   0000000000004000 00007fa24c4d0ce0
0x00007fa21a28c650:   0000000000000005 00007fa1f2f0f040
0x00007fa21a28c660:   00007fa24c3e29d0 00007fa1f2f0de30
0x00007fa21a28c670:   0000000000490000 00007fa1f2e0059d
0x00007fa21a28c680:   00007fa228180208 00007fa21a28c690
0x00007fa21a28c690:   000000020048c680 00007fa20000c680
0x00007fa21a28c6a0:   00007fa24c3e2800 00000000ec1e14a8
0x00007fa21a28c6b0:   00007fa21a28c748 0000000000000000
0x00007fa21a28c6c0:   00000000ec1e14a8 00007fa21a28c778
0x00007fa21a28c6d0:   00007fa24c3e2800 00007fa1f2dde592
0x00007fa21a28c6e0:   00007fa21a28c7c0 00007fa249010d6e
0x00007fa21a28c6f0:   00007fa21a28c710 00007fa2523e346a
0x00007fa21a28c700:   00007fa24c3e2800 00007fa21a28c708
0x00007fa21a28c710:   00000000ec1e14a8 00007fa21a28c778
0x00007fa21a28c720:   00000000ec1e19e8 0000000000000000
0x00007fa21a28c730:   00000000ec1e14a8 0000000000000000
0x00007fa21a28c740:   00007fa21a28c768 00007fa21a28c7c0 

Instructions: (pc=0x00007fa1f2df5f3a)
0x00007fa1f2df5f1a:   85 ff 0f 85 94 00 00 00 89 d8 89 d9 41 ff c4 c1
0x00007fa1f2df5f2a:   e8 0c 81 e1 ff 0f 00 00 01 c0 89 c0 4a 8d 04 30
0x00007fa1f2df5f3a:   0f b6 30 0f b6 50 02 29 f2 0f af d1 c1 fa 0c 8d
0x00007fa1f2df5f4a:   54 16 80 41 0f af d7 01 55 00 0f b6 70 01 0f b6 

Register to memory mapping:

RAX=0x0000000000000000 is an unknown value
RBX=0x0000000000000000 is an unknown value
RCX=0x0000000000000000 is an unknown value
RDX=0x00007fa1f2e03194: <offset 0x29194> in /usr/local/lib/jdk1.6.0_31/jre/lib/amd64/libjsound.so at 0x00007fa1f2dda000
RSP=0x00007fa21a28c550 is pointing into the stack for thread: 0x00007fa24c3e2800
RBP=0x00007fa24c4ac038 is an unknown value
RSI=0x00007fa24c48e130 is an unknown value
RDI=0x0000000000000000 is an unknown value
R8 =0x0000000010265000 is an unknown value
R9 =0x0000000000000000 is an unknown value
R10=0x0000000000000000 is an unknown value
R11=0x00007fa24c4ae4d0 is an unknown value
R12=0x0000000000000001 is an unknown value
R13=0x00007fa24c49ef90 is an unknown value
R14=0x0000000000000000 is an unknown value
R15=0x0000000000000000 is an unknown value


Stack: [0x00007fa21a18d000,0x00007fa21a28e000],  sp=0x00007fa21a28c550,  free space=1021k
Native frames: (J=compiled Java code, j=interpreted, Vv=VM code, C=native code)
C  [libjsound.so+0x1bf3a]  PV_ServeStereoInterp2PartialBuffer+0x14a

Java frames: (J=compiled Java code, j=interpreted, Vv=VM code)
j  com.sun.media.sound.MixerThread.runNative(J)V+0
j  com.sun.media.sound.MixerThread.run()V+5
v  ~StubRoutines::call_stub

---------------  P R O C E S S  ---------------

Java Threads: ( => current thread )
  0x00007fa1d0054000 JavaThread "robot 27" daemon [_thread_blocked, id=5386, stack(0x00007fa1da9c1000,0x00007fa1daac2000)]
  0x00007fa1d0053000 JavaThread "robot 73" daemon [_thread_blocked, id=5385, stack(0x00007fa1da8c0000,0x00007fa1da9c1000)]
  0x00007fa24c00a000 JavaThread "DestroyJavaVM" [_thread_blocked, id=5139, stack(0x00007fa251c4c000,0x00007fa251d4d000)]
  0x00007fa24c5b5000 JavaThread "Thread-2" [_thread_blocked, id=5169, stack(0x00007fa1f009c000,0x00007fa1f019d000)]
=>0x00007fa24c3e2800 JavaThread "Headspace mixer frame proc thread" daemon [_thread_in_native, id=5168, stack(0x00007fa21a18d000,0x00007fa21a28e000)]
  0x00007fa24c487800 JavaThread "Java Sound Event Dispatcher" daemon [_thread_blocked, id=5166, stack(0x00007fa1f029e000,0x00007fa1f039f000)]
  0x00007fa24c467800 JavaThread "Thread-4" daemon [_thread_blocked, id=5165, stack(0x00007fa1f2f10000,0x00007fa1f3011000)]
  0x00007fa2040b4800 JavaThread "TimerQueue" daemon [_thread_blocked, id=5163, stack(0x00007fa21a28e000,0x00007fa21a38f000)]
  0x00007fa24c216000 JavaThread "AWT-EventQueue-0" [_thread_in_native, id=5156, stack(0x00007fa21a5ae000,0x00007fa21a6af000)]
  0x00007fa24c215000 JavaThread "AWT-Shutdown" [_thread_blocked, id=5155, stack(0x00007fa21a6af000,0x00007fa21a7b0000)]
  0x00007fa24c1d5000 JavaThread "AWT-XAWT" daemon [_thread_in_native, id=5153, stack(0x00007fa21a8b1000,0x00007fa21a9b2000)]
  0x00007fa24c160800 JavaThread "Java2D Disposer" daemon [_thread_blocked, id=5152, stack(0x00007fa21aff0000,0x00007fa21b0f1000)]
  0x00007fa24c094000 JavaThread "Low Memory Detector" daemon [_thread_blocked, id=5150, stack(0x00007fa24868e000,0x00007fa24878f000)]
  0x00007fa24c092000 JavaThread "C2 CompilerThread1" daemon [_thread_blocked, id=5149, stack(0x00007fa24878f000,0x00007fa248890000)]
  0x00007fa24c08f000 JavaThread "C2 CompilerThread0" daemon [_thread_blocked, id=5148, stack(0x00007fa248890000,0x00007fa248991000)]
  0x00007fa24c08d000 JavaThread "Signal Dispatcher" daemon [_thread_blocked, id=5147, stack(0x00007fa248991000,0x00007fa248a92000)]
  0x00007fa24c070800 JavaThread "Finalizer" daemon [_thread_blocked, id=5146, stack(0x00007fa248eff000,0x00007fa249000000)]
  0x00007fa24c06e800 JavaThread "Reference Handler" daemon [_thread_blocked, id=5145, stack(0x00007fa25008a000,0x00007fa25018b000)]

Other Threads:
  0x00007fa24c067800 VMThread [stack: 0x00007fa25018b000,0x00007fa25028c000] [id=5144]
  0x00007fa24c0a7000 WatcherThread [stack: 0x00007fa24858d000,0x00007fa24868e000] [id=5151]

VM state:not at safepoint (normal execution)

VM Mutex/Monitor currently owned by a thread: None

Heap
 PSYoungGen      total 60544K, used 33909K [0x00000000faab0000, 0x00000000ffe60000, 0x0000000100000000)
  eden space 37760K, 89% used [0x00000000faab0000,0x00000000fcbb5468,0x00000000fcf90000)
  from space 22784K, 0% used [0x00000000fcf90000,0x00000000fcfa8000,0x00000000fe5d0000)
  to   space 22208K, 0% used [0x00000000fe8b0000,0x00000000fe8b0000,0x00000000ffe60000)
 PSOldGen        total 98240K, used 48880K [0x00000000f0000000, 0x00000000f5ff0000, 0x00000000faab0000)
  object space 98240K, 49% used [0x00000000f0000000,0x00000000f2fbc378,0x00000000f5ff0000)
 PSPermGen       total 46912K, used 27070K [0x00000000eae00000, 0x00000000edbd0000, 0x00000000f0000000)
  object space 46912K, 57% used [0x00000000eae00000,0x00000000ec86f8d8,0x00000000edbd0000)

Code Cache  [0x00007fa249000000, 0x00007fa249270000, 0x00007fa24c000000)
 total_blobs=1093 nmethods=570 adapters=477 free_code_cache=48235456 largest_free_block=6528

Dynamic libraries:
40000000-40009000 r-xp 00000000 08:02 3018395                            /usr/local/lib/jdk1.6.0_31/jre/bin/java
40108000-4010a000 rwxp 00008000 08:02 3018395                            /usr/local/lib/jdk1.6.0_31/jre/bin/java
41f5d000-42010000 rwxp 00000000 00:00 0                                  [heap]
eae00000-edbd0000 rwxp 00000000 00:00 0 
edbd0000-f0000000 rwxp 00000000 00:00 0 
f0000000-f5ff0000 rwxp 00000000 00:00 0 
f5ff0000-faab0000 rwxp 00000000 00:00 0 
faab0000-ffe60000 rwxp 00000000 00:00 0 
ffe60000-100000000 ---p 00000000 00:00 0 
7fa1bc000000-7fa1bc040000 rwxp 00000000 00:00 0 
7fa1bc040000-7fa1c0000000 ---p 00000000 00:00 0 
7fa1c4000000-7fa1c418c000 rwxp 00000000 00:00 0 
7fa1c418c000-7fa1c8000000 ---p 00000000 00:00 0 
7fa1c8000000-7fa1c8021000 rwxp 00000000 00:00 0 
7fa1c8021000-7fa1cc000000 ---p 00000000 00:00 0 
7fa1cc000000-7fa1cc021000 rwxp 00000000 00:00 0 
7fa1cc021000-7fa1d0000000 ---p 00000000 00:00 0 
7fa1d0000000-7fa1d0136000 rwxp 00000000 00:00 0 
7fa1d0136000-7fa1d4000000 ---p 00000000 00:00 0 
7fa1d4000000-7fa1d4021000 rwxp 00000000 00:00 0 
7fa1d4021000-7fa1d8000000 ---p 00000000 00:00 0 
7fa1d9e3c000-7fa1d9e52000 r-xp 00000000 08:02 4458424                    /usr/local/lib/jdk1.6.0_31/jre/lib/amd64/libdcpr.so
7fa1d9e52000-7fa1d9f54000 ---p 00016000 08:02 4458424                    /usr/local/lib/jdk1.6.0_31/jre/lib/amd64/libdcpr.so
7fa1d9f54000-7fa1d9f6c000 rwxp 00018000 08:02 4458424                    /usr/local/lib/jdk1.6.0_31/jre/lib/amd64/libdcpr.so
7fa1d9f6c000-7fa1da4bc000 rwxs 00000000 00:04 28147724                   /SYSV00000000 (deleted)
7fa1da4bc000-7fa1da4bf000 ---p 00000000 00:00 0 
7fa1da4bf000-7fa1da5bd000 rwxp 00000000 00:00 0 
7fa1da5bd000-7fa1da5c0000 ---p 00000000 00:00 0 
7fa1da5c0000-7fa1da6be000 rwxp 00000000 00:00 0 
7fa1da6be000-7fa1da6c1000 ---p 00000000 00:00 0 
7fa1da6c1000-7fa1da7bf000 rwxp 00000000 00:00 0 
7fa1da7bf000-7fa1da7c2000 ---p 00000000 00:00 0 
7fa1da7c2000-7fa1da8c0000 rwxp 00000000 00:00 0 
7fa1da8c0000-7fa1da8c3000 ---p 00000000 00:00 0 
7fa1da8c3000-7fa1da9c1000 rwxp 00000000 00:00 0 
7fa1da9c1000-7fa1da9c4000 ---p 00000000 00:00 0 
7fa1da9c4000-7fa1daac2000 rwxp 00000000 00:00 0 
7fa1daac2000-7fa1daac5000 ---p 00000000 00:00 0 
7fa1daac5000-7fa1dabc3000 rwxp 00000000 00:00 0 
7fa1dabc3000-7fa1dae76000 r-xp 00000000 08:02 1314513                    /usr/lib/x86_64-linux-gnu/libvorbisenc.so.2.0.8
7fa1dae76000-7fa1db075000 ---p 002b3000 08:02 1314513                    /usr/lib/x86_64-linux-gnu/libvorbisenc.so.2.0.8
7fa1db075000-7fa1db091000 r-xp 002b2000 08:02 1314513                    /usr/lib/x86_64-linux-gnu/libvorbisenc.so.2.0.8
7fa1db091000-7fa1db092000 rwxp 002ce000 08:02 1314513                    /usr/lib/x86_64-linux-gnu/libvorbisenc.so.2.0.8
7fa1db092000-7fa1db0da000 r-xp 00000000 08:02 1313819                    /usr/lib/x86_64-linux-gnu/libFLAC.so.8.2.0
7fa1db0da000-7fa1db2da000 ---p 00048000 08:02 1313819                    /usr/lib/x86_64-linux-gnu/libFLAC.so.8.2.0
7fa1db2da000-7fa1db2db000 r-xp 00048000 08:02 1313819                    /usr/lib/x86_64-linux-gnu/libFLAC.so.8.2.0
7fa1db2db000-7fa1db2dc000 rwxp 00049000 08:02 1313819                    /usr/lib/x86_64-linux-gnu/libFLAC.so.8.2.0
7fa1db2dc000-7fa1db2e1000 r-xp 00000000 08:02 1314720                    /usr/lib/x86_64-linux-gnu/libasyncns.so.0.3.1
7fa1db2e1000-7fa1db4e0000 ---p 00005000 08:02 1314720                    /usr/lib/x86_64-linux-gnu/libasyncns.so.0.3.1
7fa1db4e0000-7fa1db4e1000 r-xp 00004000 08:02 1314720                    /usr/lib/x86_64-linux-gnu/libasyncns.so.0.3.1
7fa1db4e1000-7fa1db4e2000 rwxp 00005000 08:02 1314720                    /usr/lib/x86_64-linux-gnu/libasyncns.so.0.3.1
7fa1db4e2000-7fa1db542000 r-xp 00000000 08:02 1313523                    /usr/lib/x86_64-linux-gnu/libsndfile.so.1.0.25
7fa1db542000-7fa1db742000 ---p 00060000 08:02 1313523                    /usr/lib/x86_64-linux-gnu/libsndfile.so.1.0.25
7fa1db742000-7fa1db744000 r-xp 00060000 08:02 1313523                    /usr/lib/x86_64-linux-gnu/libsndfile.so.1.0.25
7fa1db744000-7fa1db745000 rwxp 00062000 08:02 1313523                    /usr/lib/x86_64-linux-gnu/libsndfile.so.1.0.25
7fa1db745000-7fa1db749000 rwxp 00000000 00:00 0 
7fa1db749000-7fa1db751000 r-xp 00000000 08:02 13372691                   /lib/x86_64-linux-gnu/libwrap.so.0.7.6
7fa1db751000-7fa1db950000 ---p 00008000 08:02 13372691                   /lib/x86_64-linux-gnu/libwrap.so.0.7.6
7fa1db950000-7fa1db951000 r-xp 00007000 08:02 13372691                   /lib/x86_64-linux-gnu/libwrap.so.0.7.6
7fa1db951000-7fa1db952000 rwxp 00008000 08:02 13372691                   /lib/x86_64-linux-gnu/libwrap.so.0.7.6
7fa1db952000-7fa1db9ae000 r-xp 00000000 08:02 1311597                    /usr/lib/x86_64-linux-gnu/libpulsecommon-1.1.so
7fa1db9ae000-7fa1dbbae000 ---p 0005c000 08:02 1311597                    /usr/lib/x86_64-linux-gnu/libpulsecommon-1.1.so
7fa1dbbae000-7fa1dbbaf000 r-xp 0005c000 08:02 1311597                    /usr/lib/x86_64-linux-gnu/libpulsecommon-1.1.so
7fa1dbbaf000-7fa1dbbb0000 rwxp 0005d000 08:02 1311597                    /usr/lib/x86_64-linux-gnu/libpulsecommon-1.1.so
7fa1dbbb0000-7fa1dbbb7000 r-xp 00000000 08:02 1314730                    /usr/lib/x86_64-linux-gnu/libjson.so.0.0.1
7fa1dbbb7000-7fa1dbdb6000 ---p 00007000 08:02 1314730                    /usr/lib/x86_64-linux-gnu/libjson.so.0.0.1
7fa1dbdb6000-7fa1dbdb7000 r-xp 00006000 08:02 1314730                    /usr/lib/x86_64-linux-gnu/libjson.so.0.0.1
7fa1dbdb7000-7fa1dbdb8000 rwxp 00007000 08:02 1314730                    /usr/lib/x86_64-linux-gnu/libjson.so.0.0.1
7fa1dbdb8000-7fa1dbdfe000 r-xp 00000000 08:02 1311598                    /usr/lib/x86_64-linux-gnu/libpulse.so.0.13.5
7fa1dbdfe000-7fa1dbffe000 ---p 00046000 08:02 1311598                    /usr/lib/x86_64-linux-gnu/libpulse.so.0.13.5
7fa1dbffe000-7fa1dbfff000 r-xp 00046000 08:02 1311598                    /usr/lib/x86_64-linux-gnu/libpulse.so.0.13.5
7fa1dbfff000-7fa1dc000000 rwxp 00047000 08:02 1311598                    /usr/lib/x86_64-linux-gnu/libpulse.so.0.13.5
7fa1dc000000-7fa1dc021000 rwxp 00000000 00:00 0 
7fa1dc021000-7fa1e0000000 ---p 00000000 00:00 0 
7fa1e0000000-7fa1e0021000 rwxp 00000000 00:00 0 
7fa1e0021000-7fa1e4000000 ---p 00000000 00:00 0 
7fa1e4000000-7fa1e4022000 rwxp 00000000 00:00 0 
7fa1e4022000-7fa1e8000000 ---p 00000000 00:00 0 
7fa1e8000000-7fa1e8021000 rwxp 00000000 00:00 0 
7fa1e8021000-7fa1ec000000 ---p 00000000 00:00 0 
7fa1ec000000-7fa1ec022000 rwxp 00000000 00:00 0 
7fa1ec022000-7fa1f0000000 ---p 00000000 00:00 0 
7fa1f009c000-7fa1f009f000 ---p 00000000 00:00 0 
7fa1f009f000-7fa1f019d000 rwxp 00000000 00:00 0 
7fa1f019d000-7fa1f01a0000 ---p 00000000 00:00 0 
7fa1f01a0000-7fa1f029e000 rwxp 00000000 00:00 0 
7fa1f029e000-7fa1f02a1000 ---p 00000000 00:00 0 
7fa1f02a1000-7fa1f039f000 rwxp 00000000 00:00 0 
7fa1f039f000-7fa1f03a6000 r-xp 00000000 08:02 13373796                   /lib/x86_64-linux-gnu/libnss_dns-2.15.so
7fa1f03a6000-7fa1f05a5000 ---p 00007000 08:02 13373796                   /lib/x86_64-linux-gnu/libnss_dns-2.15.so
7fa1f05a5000-7fa1f05a6000 r-xp 00006000 08:02 13373796                   /lib/x86_64-linux-gnu/libnss_dns-2.15.so
7fa1f05a6000-7fa1f05a7000 rwxp 00007000 08:02 13373796                   /lib/x86_64-linux-gnu/libnss_dns-2.15.so
7fa1f05a7000-7fa1f05a9000 r-xp 00000000 08:02 13372801                   /lib/libnss_mdns4_minimal.so.2
7fa1f05a9000-7fa1f07a8000 ---p 00002000 08:02 13372801                   /lib/libnss_mdns4_minimal.so.2
7fa1f07a8000-7fa1f07a9000 r-xp 00001000 08:02 13372801                   /lib/libnss_mdns4_minimal.so.2
7fa1f07a9000-7fa1f07aa000 rwxp 00002000 08:02 13372801                   /lib/libnss_mdns4_minimal.so.2
7fa1f0899000-7fa1f08f9000 rwxs 00000000 00:04 28049419                   /SYSV00000000 (deleted)
7fa1f08f9000-7fa1f08fa000 ---p 00000000 00:00 0 
7fa1f08fa000-7fa1f12fa000 rwxp 00000000 00:00 0 
7fa1f12fa000-7fa1f1314000 r-xp 00000000 08:02 1314067                    /usr/lib/x86_64-linux-gnu/libdbusmenu-glib.so.4.0.13
7fa1f1314000-7fa1f1513000 ---p 0001a000 08:02 1314067                    /usr/lib/x86_64-linux-gnu/libdbusmenu-glib.so.4.0.13
7fa1f1513000-7fa1f1514000 r-xp 00019000 08:02 1314067                    /usr/lib/x86_64-linux-gnu/libdbusmenu-glib.so.4.0.13
7fa1f1514000-7fa1f1515000 rwxp 0001a000 08:02 1314067                    /usr/lib/x86_64-linux-gnu/libdbusmenu-glib.so.4.0.13
7fa1f1515000-7fa1f1527000 r-xp 00000000 08:02 1321716                    /usr/lib/x86_64-linux-gnu/libdbusmenu-gtk.so.4.0.13
7fa1f1527000-7fa1f1726000 ---p 00012000 08:02 1321716                    /usr/lib/x86_64-linux-gnu/libdbusmenu-gtk.so.4.0.13
7fa1f1726000-7fa1f1727000 r-xp 00011000 08:02 1321716                    /usr/lib/x86_64-linux-gnu/libdbusmenu-gtk.so.4.0.13
7fa1f1727000-7fa1f1728000 rwxp 00012000 08:02 1321716                    /usr/lib/x86_64-linux-gnu/libdbusmenu-gtk.so.4.0.13
7fa1f1728000-7fa1f172d000 r-xp 00000000 08:02 8784140                    /usr/lib/x86_64-linux-gnu/gtk-2.0/2.10.0/menuproxies/libappmenu.so
7fa1f172d000-7fa1f192c000 ---p 00005000 08:02 8784140                    /usr/lib/x86_64-linux-gnu/gtk-2.0/2.10.0/menuproxies/libappmenu.so
7fa1f192c000-7fa1f192d000 r-xp 00004000 08:02 8784140                    /usr/lib/x86_64-linux-gnu/gtk-2.0/2.10.0/menuproxies/libappmenu.so
7fa1f192d000-7fa1f192e000 rwxp 00005000 08:02 8784140                    /usr/lib/x86_64-linux-gnu/gtk-2.0/2.10.0/menuproxies/libappmenu.so
7fa1f192e000-7fa1f193a000 r-xp 00000000 08:02 13373856                   /lib/x86_64-linux-gnu/libudev.so.0.13.0
7fa1f193a000-7fa1f1b39000 ---p 0000c000 08:02 13373856                   /lib/x86_64-linux-gnu/libudev.so.0.13.0
7fa1f1b39000-7fa1f1b3a000 r-xp 0000b000 08:02 13373856                   /lib/x86_64-linux-gnu/libudev.so.0.13.0
7fa1f1b3a000-7fa1f1b3b000 rwxp 0000c000 08:02 13373856                   /lib/x86_64-linux-gnu/libudev.so.0.13.0
7fa1f1b3b000-7fa1f1b7d000 r-xp 00000000 08:02 13373853                   /lib/x86_64-linux-gnu/libdbus-1.so.3.5.8
7fa1f1b7d000-7fa1f1d7d000 ---p 00042000 08:02 13373853                   /lib/x86_64-linux-gnu/libdbus-1.so.3.5.8
7fa1f1d7d000-7fa1f1d7e000 r-xp 00042000 08:02 13373853                   /lib/x86_64-linux-gnu/libdbus-1.so.3.5.8
7fa1f1d7e000-7fa1f1d7f000 rwxp 00043000 08:02 13373853                   /lib/x86_64-linux-gnu/libdbus-1.so.3.5.8
7fa1f1d7f000-7fa1f1d95000 r-xp 00000000 08:02 2753834                    /usr/lib/x86_64-linux-gnu/gvfs/libgvfscommon.so
7fa1f1d95000-7fa1f1f94000 ---p 00016000 08:02 2753834                    /usr/lib/x86_64-linux-gnu/gvfs/libgvfscommon.so
7fa1f1f94000-7fa1f1f95000 r-xp 00015000 08:02 2753834                    /usr/lib/x86_64-linux-gnu/gvfs/libgvfscommon.so
7fa1f1f95000-7fa1f1f96000 rwxp 00016000 08:02 2753834                    /usr/lib/x86_64-linux-gnu/gvfs/libgvfscommon.so
7fa1f1f96000-7fa1f1fbe000 r-xp 00000000 08:02 1835429                    /usr/lib/x86_64-linux-gnu/gio/modules/libgvfsdbus.so
7fa1f1fbe000-7fa1f21bd000 ---p 00028000 08:02 1835429                    /usr/lib/x86_64-linux-gnu/gio/modules/libgvfsdbus.so
7fa1f21bd000-7fa1f21be000 r-xp 00027000 08:02 1835429                    /usr/lib/x86_64-linux-gnu/gio/modules/libgvfsdbus.so
7fa1f21be000-7fa1f21bf000 rwxp 00028000 08:02 1835429                    /usr/lib/x86_64-linux-gnu/gio/modules/libgvfsdbus.so
7fa1f21bf000-7fa1f2203000 r-xp 00000000 08:02 1312832                    /usr/lib/x86_64-linux-gnu/libibus-1.0.so.0.401.0
7fa1f2203000-7fa1f2402000 ---p 00044000 08:02 1312832                    /usr/lib/x86_64-linux-gnu/libibus-1.0.so.0.401.0
7fa1f2402000-7fa1f2404000 r-xp 00043000 08:02 1312832                    /usr/lib/x86_64-linux-gnu/libibus-1.0.so.0.401.0
7fa1f2404000-7fa1f2405000 rwxp 00045000 08:02 1312832                    /usr/lib/x86_64-linux-gnu/libibus-1.0.so.0.401.0
7fa1f2405000-7fa1f2406000 rwxp 00000000 00:00 0 
7fa1f242a000-7fa1f2430000 r-xp 00000000 08:02 8521918                    /usr/lib/x86_64-linux-gnu/gtk-2.0/2.10.0/immodules/im-ibus.so
7fa1f2430000-7fa1f262f000 ---p 00006000 08:02 8521918                    /usr/lib/x86_64-linux-gnu/gtk-2.0/2.10.0/immodules/im-ibus.so
7fa1f262f000-7fa1f2630000 r-xp 00005000 08:02 8521918                    /usr/lib/x86_64-linux-gnu/gtk-2.0/2.10.0/immodules/im-ibus.so
7fa1f2630000-7fa1f2631000 rwxp 00006000 08:02 8521918                    /usr/lib/x86_64-linux-gnu/gtk-2.0/2.10.0/immodules/im-ibus.so
7fa1f2631000-7fa1f264e000 r-xp 00000000 08:02 2359417                    /usr/share/fonts/truetype/droid/DroidSansMono.ttf
7fa1f264e000-7fa1f26a5000 r-xp 00000000 08:02 3145738                    /usr/share/fonts/truetype/ubuntu-font-family/Ubuntu-R.ttf
7fa1f26a5000-7fa1f26a7000 r-xp 00000000 08:02 2753845                    /usr/lib/x86_64-linux-gnu/pango/1.6.0/modules/pango-basic-fc.so
7fa1f26a7000-7fa1f28a6000 ---p 00002000 08:02 2753845                    /usr/lib/x86_64-linux-gnu/pango/1.6.0/modules/pango-basic-fc.so
7fa1f28a6000-7fa1f28a7000 r-xp 00001000 08:02 2753845                    /usr/lib/x86_64-linux-gnu/pango/1.6.0/modules/pango-basic-fc.so
7fa1f28a7000-7fa1f28a8000 rwxp 00002000 08:02 2753845                    /usr/lib/x86_64-linux-gnu/pango/1.6.0/modules/pango-basic-fc.so
7fa1f28a8000-7fa1f28a9000 r-xs 00000000 08:02 32769893                   /var/cache/fontconfig/c05880de57d1f5e948fdfacc138775d9-le64.cache-3
7fa1f28a9000-7fa1f28b2000 r-xs 00000000 08:02 32772211                   /var/cache/fontconfig/945677eb7aeaf62f1d50efc3fb3ec7d8-le64.cache-3
7fa1f28b2000-7fa1f28b6000 r-xs 00000000 08:02 32769848                   /var/cache/fontconfig/99e8ed0e538f840c565b6ed5dad60d56-le64.cache-3
7fa1f28b6000-7fa1f28be000 r-xs 00000000 08:02 32772148                   /var/cache/fontconfig/a6d8cf8e4ec09cdbc8633c31745a07dd-le64.cache-3
7fa1f28be000-7fa1f28c2000 r-xs 00000000 08:02 32772227                   /var/cache/fontconfig/2cd17615ca594fa2959ae173292e504c-le64.cache-3
7fa1f28c2000-7fa1f28c3000 r-xs 00000000 08:02 32769736                   /var/cache/fontconfig/e7071f4a29fa870f4323321c154eba04-le64.cache-3
7fa1f28c3000-7fa1f28c6000 r-xs 00000000 08:02 32769371                   /var/cache/fontconfig/b5ea634b0fb353b8ea17632d1f9ef766-le64.cache-3
7fa1f28c6000-7fa1f28c7000 r-xs 00000000 08:02 32771788                   /var/cache/fontconfig/0d8c3b2ac0904cb8a57a757ad11a4a08-le64.cache-3
7fa1f28c7000-7fa1f28cd000 r-xs 00000000 08:02 32768423                   /var/cache/fontconfig/a755afe4a08bf5b97852ceb7400b47bc-le64.cache-3
7fa1f28cd000-7fa1f28d6000 r-xs 00000000 08:02 32772212                   /var/cache/fontconfig/6d41288fd70b0be22e8c3a91e032eec0-le64.cache-3
7fa1f28d6000-7fa1f28e6000 r-xs 00000000 08:02 32772119                   /var/cache/fontconfig/04aabc0a78ac019cf9454389977116d2-le64.cache-3
7fa1f28e6000-7fa1f28e9000 r-xs 00000000 08:02 32772030                   /var/cache/fontconfig/385c0604a188198f04d133e54aba7fe7-le64.cache-3
7fa1f28e9000-7fa1f28ea000 r-xs 00000000 08:02 32769722                   /var/cache/fontconfig/4794a0821666d79190d59a36cb4f44b5-le64.cache-3
7fa1f28ea000-7fa1f28ed000 r-xs 00000000 08:02 32771762                   /var/cache/fontconfig/8801497958630a81b71ace7c5f9b32a8-le64.cache-3
7fa1f28ed000-7fa1f291b000 r-xs 00000000 08:02 32768445                   /var/cache/fontconfig/365b55f210c0a22e9a19e35191240f32-le64.cache-3
7fa1f291b000-7fa1f2920000 r-xs 00000000 08:02 32769553                   /var/cache/fontconfig/3047814df9a2f067bd2d96a2b9c36e5a-le64.cache-3
7fa1f2920000-7fa1f2921000 r-xs 00000000 08:02 32771740                   /var/cache/fontconfig/56cf4f4769d0f4abc89a4895d7bd3ae1-le64.cache-3
7fa1f2921000-7fa1f2922000 r-xs 00000000 08:02 32771737                   /var/cache/fontconfig/b9d506c9ac06c20b433354fa67a72993-le64.cache-3
7fa1f2922000-7fa1f2927000 r-xs 00000000 08:02 32771727                   /var/cache/fontconfig/b47c4e1ecd0709278f4910c18777a504-le64.cache-3
7fa1f2927000-7fa1f292f000 r-xs 00000000 08:02 32771735                   /var/cache/fontconfig/52f7bdb7ce746bfd7eaa1985bd9cfa93-le64.cache-3
7fa1f292f000-7fa1f293f000 r-xs 00000000 08:02 32771817                   /var/cache/fontconfig/d52a8644073d54c13679302ca1180695-le64.cache-3
7fa1f293f000-7fa1f2945000 r-xs 00000000 08:02 32770833                   /var/cache/fontconfig/3f7329c5293ffd510edef78f73874cfd-le64.cache-3
7fa1f2945000-7fa1f2951000 r-xs 00000000 08:02 32770872                   /var/cache/fontconfig/089dead882dea3570ffc31a9898cfb69-le64.cache-3
7fa1f2951000-7fa1f2955000 r-xs 00000000 08:02 32768430                   /var/cache/fontconfig/cabbd14511b9e8a55e92af97fb3a0461-le64.cache-3
7fa1f2955000-7fa1f2960000 r-xs 00000000 08:02 32768412                   /var/cache/fontconfig/e13b20fdb08344e0e664864cc2ede53d-le64.cache-3
7fa1f2960000-7fa1f2964000 r-xs 00000000 08:02 32769754                   /var/cache/fontconfig/7ef2298fde41cc6eeb7af42e48b7d293-le64.cache-3
7fa1f29dd000-7fa1f2ac3000 r-xp 00000000 08:02 1310978                    /usr/lib/x86_64-linux-gnu/libasound.so.2.0.0
7fa1f2ac3000-7fa1f2cc3000 ---p 000e6000 08:02 1310978                    /usr/lib/x86_64-linux-gnu/libasound.so.2.0.0
7fa1f2cc3000-7fa1f2cc9000 r-xp 000e6000 08:02 1310978                    /usr/lib/x86_64-linux-gnu/libasound.so.2.0.0
7fa1f2cc9000-7fa1f2cca000 rwxp 000ec000 08:02 1310978                    /usr/lib/x86_64-linux-gnu/libasound.so.2.0.0
7fa1f2cca000-7fa1f2cd8000 r-xp 00000000 08:02 4458409                    /usr/local/lib/jdk1.6.0_31/jre/lib/amd64/libjsoundalsa.so
7fa1f2cd8000-7fa1f2dd7000 ---p 0000e000 08:02 4458409                    /usr/local/lib/jdk1.6.0_31/jre/lib/amd64/libjsoundalsa.so
7fa1f2dd7000-7fa1f2dda000 rwxp 0000d000 08:02 4458409                    /usr/local/lib/jdk1.6.0_31/jre/lib/amd64/libjsoundalsa.so
7fa1f2dda000-7fa1f2e06000 r-xp 00000000 08:02 4458415                    /usr/local/lib/jdk1.6.0_31/jre/lib/amd64/libjsound.so
7fa1f2e06000-7fa1f2f06000 ---p 0002c000 08:02 4458415                    /usr/local/lib/jdk1.6.0_31/jre/lib/amd64/libjsound.so
7fa1f2f06000-7fa1f2f0e000 rwxp 0002c000 08:02 4458415                    /usr/local/lib/jdk1.6.0_31/jre/lib/amd64/libjsound.so
7fa1f2f0e000-7fa1f2f10000 rwxp 00000000 00:00 0 
7fa1f2f10000-7fa1f2f13000 ---p 00000000 00:00 0 
7fa1f2f13000-7fa1f3011000 rwxp 00000000 00:00 0 
7fa1f3011000-7fa1f3014000 ---p 00000000 00:00 0 
7fa1f3014000-7fa1f3112000 rwxp 00000000 00:00 0 
7fa1f3112000-7fa1f3141000 r-xp 00000000 08:02 8521917                    /usr/lib/x86_64-linux-gnu/gtk-2.0/2.10.0/engines/libmurrine.so
7fa1f3141000-7fa1f3341000 ---p 0002f000 08:02 8521917                    /usr/lib/x86_64-linux-gnu/gtk-2.0/2.10.0/engines/libmurrine.so
7fa1f3341000-7fa1f3342000 r-xp 0002f000 08:02 8521917                    /usr/lib/x86_64-linux-gnu/gtk-2.0/2.10.0/engines/libmurrine.so
7fa1f3342000-7fa1f3343000 rwxp 00030000 08:02 8521917                    /usr/lib/x86_64-linux-gnu/gtk-2.0/2.10.0/engines/libmurrine.so
7fa1f3343000-7fa1f3344000 ---p 00000000 00:00 0 
7fa1f3344000-7fa1f3d44000 rwxp 00000000 00:00 0 
7fa1f3d44000-7fa1f3d4a000 r-xp 00000000 08:02 1313722                    /usr/lib/x86_64-linux-gnu/libogg.so.0.7.1
7fa1f3d4a000-7fa1f3f49000 ---p 00006000 08:02 1313722                    /usr/lib/x86_64-linux-gnu/libogg.so.0.7.1
7fa1f3f49000-7fa1f3f4a000 r-xp 00005000 08:02 1313722                    /usr/lib/x86_64-linux-gnu/libogg.so.0.7.1
7fa1f3f4a000-7fa1f3f4b000 rwxp 00006000 08:02 1313722                    /usr/lib/x86_64-linux-gnu/libogg.so.0.7.1
7fa1f3f4b000-7fa1f3f76000 r-xp 00000000 08:02 1314515                    /usr/lib/x86_64-linux-gnu/libvorbis.so.0.4.5
7fa1f3f76000-7fa1f4175000 ---p 0002b000 08:02 1314515                    /usr/lib/x86_64-linux-gnu/libvorbis.so.0.4.5
7fa1f4175000-7fa1f4176000 r-xp 0002a000 08:02 1314515                    /usr/lib/x86_64-linux-gnu/libvorbis.so.0.4.5
7fa1f4176000-7fa1f4177000 rwxp 0002b000 08:02 1314515                    /usr/lib/x86_64-linux-gnu/libvorbis.so.0.4.5
7fa1f4177000-7fa1f417f000 r-xp 00000000 08:02 1314741                    /usr/lib/x86_64-linux-gnu/libltdl.so.7.3.0
7fa1f417f000-7fa1f437f000 ---p 00008000 08:02 1314741                    /usr/lib/x86_64-linux-gnu/libltdl.so.7.3.0
7fa1f437f000-7fa1f4380000 r-xp 00008000 08:02 1314741                    /usr/lib/x86_64-linux-gnu/libltdl.so.7.3.0
7fa1f4380000-7fa1f4381000 rwxp 00009000 08:02 1314741                    /usr/lib/x86_64-linux-gnu/libltdl.so.7.3.0
7fa1f4381000-7fa1f4391000 r-xp 00000000 08:02 1314482                    /usr/lib/x86_64-linux-gnu/libtdb.so.1.2.9
7fa1f4391000-7fa1f4590000 ---p 00010000 08:02 1314482                    /usr/lib/x86_64-linux-gnu/libtdb.so.1.2.9
7fa1f4590000-7fa1f4591000 r-xp 0000f000 08:02 1314482                    /usr/lib/x86_64-linux-gnu/libtdb.so.1.2.9
7fa1f4591000-7fa1f4592000 rwxp 00010000 08:02 1314482                    /usr/lib/x86_64-linux-gnu/libtdb.so.1.2.9
7fa1f4592000-7fa1f4599000 r-xp 00000000 08:02 1314372                    /usr/lib/x86_64-linux-gnu/libvorbisfile.so.3.3.4
7fa1f4599000-7fa1f4798000 ---p 00007000 08:02 1314372                    /usr/lib/x86_64-linux-gnu/libvorbisfile.so.3.3.4
7fa1f4798000-7fa1f4799000 r-xp 00006000 08:02 1314372                    /usr/lib/x86_64-linux-gnu/libvorbisfile.so.3.3.4
7fa1f4799000-7fa1f479a000 rwxp 00007000 08:02 1314372                    /usr/lib/x86_64-linux-gnu/libvorbisfile.so.3.3.4
7fa1f479a000-7fa1f47a9000 r-xp 00000000 08:02 1313354                    /usr/lib/x86_64-linux-gnu/libcanberra.so.0.2.5
7fa1f47a9000-7fa1f49a8000 ---p 0000f000 08:02 1313354                    /usr/lib/x86_64-linux-gnu/libcanberra.so.0.2.5
7fa1f49a8000-7fa1f49a9000 r-xp 0000e000 08:02 1313354                    /usr/lib/x86_64-linux-gnu/libcanberra.so.0.2.5
7fa1f49a9000-7fa1f49aa000 rwxp 0000f000 08:02 1313354                    /usr/lib/x86_64-linux-gnu/libcanberra.so.0.2.5
7fa1f49aa000-7fa1f49ae000 r-xp 00000000 08:02 1313708                    /usr/lib/x86_64-linux-gnu/libcanberra-gtk.so.0.1.8
7fa1f49ae000-7fa1f4bad000 ---p 00004000 08:02 1313708                    /usr/lib/x86_64-linux-gnu/libcanberra-gtk.so.0.1.8
7fa1f4bad000-7fa1f4bae000 r-xp 00003000 08:02 1313708                    /usr/lib/x86_64-linux-gnu/libcanberra-gtk.so.0.1.8
7fa1f4bae000-7fa1f4baf000 rwxp 00004000 08:02 1313708                    /usr/lib/x86_64-linux-gnu/libcanberra-gtk.so.0.1.8
7fa1f4baf000-7fa1f4bb4000 r-xp 00000000 08:02 8521919                    /usr/lib/x86_64-linux-gnu/gtk-2.0/modules/libcanberra-gtk-module.so
7fa1f4bb4000-7fa1f4db3000 ---p 00005000 08:02 8521919                    /usr/lib/x86_64-linux-gnu/gtk-2.0/modules/libcanberra-gtk-module.so
7fa1f4db3000-7fa1f4db4000 r-xp 00004000 08:02 8521919                    /usr/lib/x86_64-linux-gnu/gtk-2.0/modules/libcanberra-gtk-module.so
7fa1f4db4000-7fa1f4db5000 rwxp 00005000 08:02 8521919                    /usr/lib/x86_64-linux-gnu/gtk-2.0/modules/libcanberra-gtk-module.so
7fa1f4db5000-7fa1f4db6000 ---p 00000000 00:00 0 
7fa1f4db6000-7fa1f57b6000 rwxp 00000000 00:00 0 
7fa1f57b6000-7fa1f57bd000 r-xp 00000000 08:02 1835443                    /usr/lib/x86_64-linux-gnu/gio/modules/libdconfsettings.so
7fa1f57bd000-7fa1f59bc000 ---p 00007000 08:02 1835443                    /usr/lib/x86_64-linux-gnu/gio/modules/libdconfsettings.so
7fa1f59bc000-7fa1f59bd000 r-xp 00006000 08:02 1835443                    /usr/lib/x86_64-linux-gnu/gio/modules/libdconfsettings.so
7fa1f59bd000-7fa1f59be000 rwxp 00007000 08:02 1835443                    /usr/lib/x86_64-linux-gnu/gio/modules/libdconfsettings.so
7fa1f59be000-7fa1f59ce000 r-xp 00000000 08:02 1314182                    /usr/lib/liboverlay-scrollbar-0.2.so.0.0.16
7fa1f59ce000-7fa1f5bcd000 ---p 00010000 08:02 1314182                    /usr/lib/liboverlay-scrollbar-0.2.so.0.0.16
7fa1f5bcd000-7fa1f5bce000 r-xp 0000f000 08:02 1314182                    /usr/lib/liboverlay-scrollbar-0.2.so.0.0.16
7fa1f5bce000-7fa1f5bcf000 rwxp 00010000 08:02 1314182                    /usr/lib/liboverlay-scrollbar-0.2.so.0.0.16
7fa1f5bcf000-7fa1f5bd0000 r-xp 00000000 08:02 1311190                    /usr/lib/x86_64-linux-gnu/libgthread-2.0.so.0.3200.3
7fa1f5bd0000-7fa1f5dcf000 ---p 00001000 08:02 1311190                    /usr/lib/x86_64-linux-gnu/libgthread-2.0.so.0.3200.3
7fa1f5dcf000-7fa1f5dd0000 r-xp 00000000 08:02 1311190                    /usr/lib/x86_64-linux-gnu/libgthread-2.0.so.0.3200.3
7fa1f5dd0000-7fa1f5dd1000 rwxp 00001000 08:02 1311190                    /usr/lib/x86_64-linux-gnu/libgthread-2.0.so.0.3200.3
7fa1f5dd1000-7fa1f5e0d000 r-xp 00000000 08:02 13369503                   /lib/x86_64-linux-gnu/libpcre.so.3.12.1
7fa1f5e0d000-7fa1f600c000 ---p 0003c000 08:02 13369503                   /lib/x86_64-linux-gnu/libpcre.so.3.12.1
7fa1f600c000-7fa1f600d000 r-xp 0003b000 08:02 13369503                   /lib/x86_64-linux-gnu/libpcre.so.3.12.1
7fa1f600d000-7fa1f600e000 rwxp 0003c000 08:02 13369503                   /lib/x86_64-linux-gnu/libpcre.so.3.12.1
7fa1f600e000-7fa1f6015000 r-xp 00000000 08:02 1312221                    /usr/lib/x86_64-linux-gnu/libffi.so.6.0.0
7fa1f6015000-7fa1f6214000 ---p 00007000 08:02 1312221                    /usr/lib/x86_64-linux-gnu/libffi.so.6.0.0
7fa1f6214000-7fa1f6215000 r-xp 00006000 08:02 1312221                    /usr/lib/x86_64-linux-gnu/libffi.so.6.0.0
7fa1f6215000-7fa1f6216000 rwxp 00007000 08:02 1312221                    /usr/lib/x86_64-linux-gnu/libffi.so.6.0.0
7fa1f6216000-7fa1f623d000 r-xp 00000000 08:02 13369409                   /lib/x86_64-linux-gnu/libexpat.so.1.5.2
7fa1f623d000-7fa1f643d000 ---p 00027000 08:02 13369409                   /lib/x86_64-linux-gnu/libexpat.so.1.5.2
7fa1f643d000-7fa1f643f000 r-xp 00027000 08:02 13369409                   /lib/x86_64-linux-gnu/libexpat.so.1.5.2
7fa1f643f000-7fa1f6440000 rwxp 00029000 08:02 13369409                   /lib/x86_64-linux-gnu/libexpat.so.1.5.2
7fa1f6440000-7fa1f6458000 r-xp 00000000 08:02 13373784                   /lib/x86_64-linux-gnu/libresolv-2.15.so
7fa1f6458000-7fa1f6658000 ---p 00018000 08:02 13373784                   /lib/x86_64-linux-gnu/libresolv-2.15.so
7fa1f6658000-7fa1f6659000 r-xp 00018000 08:02 13373784                   /lib/x86_64-linux-gnu/libresolv-2.15.so
7fa1f6659000-7fa1f665a000 rwxp 00019000 08:02 13373784                   /lib/x86_64-linux-gnu/libresolv-2.15.so
7fa1f665a000-7fa1f665c000 rwxp 00000000 00:00 0 
7fa1f665c000-7fa1f6679000 r-xp 00000000 08:02 13370139                   /lib/x86_64-linux-gnu/libselinux.so.1
7fa1f6679000-7fa1f6878000 ---p 0001d000 08:02 13370139                   /lib/x86_64-linux-gnu/libselinux.so.1
7fa1f6878000-7fa1f6879000 r-xp 0001c000 08:02 13370139                   /lib/x86_64-linux-gnu/libselinux.so.1
7fa1f6879000-7fa1f687a000 rwxp 0001d000 08:02 13370139                   /lib/x86_64-linux-gnu/libselinux.so.1
7fa1f687a000-7fa1f687b000 rwxp 00000000 00:00 0 
7fa1f687b000-7fa1f687e000 r-xp 00000000 08:02 1311191                    /usr/lib/x86_64-linux-gnu/libgmodule-2.0.so.0.3200.3
7fa1f687e000-7fa1f6a7d000 ---p 00003000 08:02 1311191                    /usr/lib/x86_64-linux-gnu/libgmodule-2.0.so.0.3200.3
7fa1f6a7d000-7fa1f6a7e000 r-xp 00002000 08:02 1311191                    /usr/lib/x86_64-linux-gnu/libgmodule-2.0.so.0.3200.3
7fa1f6a7e000-7fa1f6a7f000 rwxp 00003000 08:02 1311191                    /usr/lib/x86_64-linux-gnu/libgmodule-2.0.so.0.3200.3
7fa1f6a7f000-7fa1f6a95000 r-xp 00000000 08:02 13369494                   /lib/x86_64-linux-gnu/libz.so.1.2.3.4
7fa1f6a95000-7fa1f6c94000 ---p 00016000 08:02 13369494                   /lib/x86_64-linux-gnu/libz.so.1.2.3.4
7fa1f6c94000-7fa1f6c95000 r-xp 00015000 08:02 13369494                   /lib/x86_64-linux-gnu/libz.so.1.2.3.4
7fa1f6c95000-7fa1f6c96000 rwxp 00016000 08:02 13369494                   /lib/x86_64-linux-gnu/libz.so.1.2.3.4
7fa1f6c96000-7fa1f6c9e000 r-xp 00000000 08:02 1313977                    /usr/lib/x86_64-linux-gnu/libxcb-render.so.0.0.0
7fa1f6c9e000-7fa1f6e9e000 ---p 00008000 08:02 1313977                    /usr/lib/x86_64-linux-gnu/libxcb-render.so.0.0.0
7fa1f6e9e000-7fa1f6e9f000 r-xp 00008000 08:02 1313977                    /usr/lib/x86_64-linux-gnu/libxcb-render.so.0.0.0
7fa1f6e9f000-7fa1f6ea0000 rwxp 00009000 08:02 1313977                    /usr/lib/x86_64-linux-gnu/libxcb-render.so.0.0.0
7fa1f6ea0000-7fa1f6ea2000 r-xp 00000000 08:02 1316871                    /usr/lib/x86_64-linux-gnu/libxcb-shm.so.0.0.0
7fa1f6ea2000-7fa1f70a1000 ---p 00002000 08:02 1316871                    /usr/lib/x86_64-linux-gnu/libxcb-shm.so.0.0.0
7fa1f70a1000-7fa1f70a2000 r-xp 00001000 08:02 1316871                    /usr/lib/x86_64-linux-gnu/libxcb-shm.so.0.0.0
7fa1f70a2000-7fa1f70a3000 rwxp 00002000 08:02 1316871                    /usr/lib/x86_64-linux-gnu/libxcb-shm.so.0.0.0
7fa1f70a3000-7fa1f70c9000 r-xp 00000000 08:02 13369484                   /lib/x86_64-linux-gnu/libpng12.so.0.46.0
7fa1f70c9000-7fa1f72c9000 ---p 00026000 08:02 13369484                   /lib/x86_64-linux-gnu/libpng12.so.0.46.0
7fa1f72c9000-7fa1f72ca000 r-xp 00026000 08:02 13369484                   /lib/x86_64-linux-gnu/libpng12.so.0.46.0
7fa1f72ca000-7fa1f72cb000 rwxp 00027000 08:02 13369484                   /lib/x86_64-linux-gnu/libpng12.so.0.46.0
7fa1f72cb000-7fa1f734c000 r-xp 00000000 08:02 1310769                    /usr/lib/x86_64-linux-gnu/libpixman-1.so.0.24.4
7fa1f734c000-7fa1f754b000 ---p 00081000 08:02 1310769                    /usr/lib/x86_64-linux-gnu/libpixman-1.so.0.24.4
7fa1f754b000-7fa1f7551000 r-xp 00080000 08:02 1310769                    /usr/lib/x86_64-linux-gnu/libpixman-1.so.0.24.4
7fa1f7551000-7fa1f7552000 rwxp 00086000 08:02 1310769                    /usr/lib/x86_64-linux-gnu/libpixman-1.so.0.24.4
7fa1f7552000-7fa1f75e8000 r-xp 00000000 08:02 1313865                    /usr/lib/x86_64-linux-gnu/libfreetype.so.6.8.0
7fa1f75e8000-7fa1f77e7000 ---p 00096000 08:02 1313865                    /usr/lib/x86_64-linux-gnu/libfreetype.so.6.8.0
7fa1f77e7000-7fa1f77ed000 r-xp 00095000 08:02 1313865                    /usr/lib/x86_64-linux-gnu/libfreetype.so.6.8.0
7fa1f77ed000-7fa1f77ee000 rwxp 0009b000 08:02 1313865                    /usr/lib/x86_64-linux-gnu/libfreetype.so.6.8.0
7fa1f77ee000-7fa1f77f0000 r-xp 00000000 08:02 1311525                    /usr/lib/x86_64-linux-gnu/libXdamage.so.1.1.0
7fa1f77f0000-7fa1f79ef000 ---p 00002000 08:02 1311525                    /usr/lib/x86_64-linux-gnu/libXdamage.so.1.1.0
7fa1f79ef000-7fa1f79f0000 r-xp 00001000 08:02 1311525                    /usr/lib/x86_64-linux-gnu/libXdamage.so.1.1.0
7fa1f79f0000-7fa1f79f1000 rwxp 00002000 08:02 1311525                    /usr/lib/x86_64-linux-gnu/libXdamage.so.1.1.0
7fa1f79f1000-7fa1f79f3000 r-xp 00000000 08:02 1311617                    /usr/lib/x86_64-linux-gnu/libXcomposite.so.1.0.0
7fa1f79f3000-7fa1f7bf2000 ---p 00002000 08:02 1311617                    /usr/lib/x86_64-linux-gnu/libXcomposite.so.1.0.0
7fa1f7bf2000-7fa1f7bf3000 r-xp 00001000 08:02 1311617                    /usr/lib/x86_64-linux-gnu/libXcomposite.so.1.0.0
7fa1f7bf3000-7fa1f7bf4000 rwxp 00002000 08:02 1311617                    /usr/lib/x86_64-linux-gnu/libXcomposite.so.1.0.0
7fa1f7bf4000-7fa1f7bfc000 r-xp 00000000 08:02 1313809                    /usr/lib/x86_64-linux-gnu/libXrandr.so.2.2.0
7fa1f7bfc000-7fa1f7dfb000 ---p 00008000 08:02 1313809                    /usr/lib/x86_64-linux-gnu/libXrandr.so.2.2.0
7fa1f7dfb000-7fa1f7dfc000 r-xp 00007000 08:02 1313809                    /usr/lib/x86_64-linux-gnu/libXrandr.so.2.2.0
7fa1f7dfc000-7fa1f7dfd000 rwxp 00008000 08:02 1313809                    /usr/lib/x86_64-linux-gnu/libXrandr.so.2.2.0
7fa1f7dfd000-7fa1f7dff000 r-xp 00000000 08:02 1313754                    /usr/lib/x86_64-linux-gnu/libXinerama.so.1.0.0
7fa1f7dff000-7fa1f7ffe000 ---p 00002000 08:02 1313754                    /usr/lib/x86_64-linux-gnu/libXinerama.so.1.0.0
7fa1f7ffe000-7fa1f7fff000 r-xp 00001000 08:02 1313754                    /usr/lib/x86_64-linux-gnu/libXinerama.so.1.0.0
7fa1f7fff000-7fa1f8000000 rwxp 00002000 08:02 1313754                    /usr/lib/x86_64-linux-gnu/libXinerama.so.1.0.0
7fa1f8000000-7fa1f8021000 rwxp 00000000 00:00 0 
7fa1f8021000-7fa1fc000000 ---p 00000000 00:00 0 
7fa1fc000000-7fa1fc021000 rwxp 00000000 00:00 0 
7fa1fc021000-7fa200000000 ---p 00000000 00:00 0 
7fa200000000-7fa200021000 rwxp 00000000 00:00 0 
7fa200021000-7fa204000000 ---p 00000000 00:00 0 
7fa204000000-7fa2041b0000 rwxp 00000000 00:00 0 
7fa2041b0000-7fa208000000 ---p 00000000 00:00 0 
7fa208000000-7fa208021000 rwxp 00000000 00:00 0 
7fa208021000-7fa20c000000 ---p 00000000 00:00 0 
7fa20c000000-7fa20c069000 rwxp 00000000 00:00 0 
7fa20c069000-7fa210000000 ---p 00000000 00:00 0 
7fa210000000-7fa210021000 rwxp 00000000 00:00 0 
7fa210021000-7fa214000000 ---p 00000000 00:00 0 
7fa214000000-7fa214021000 rwxp 00000000 00:00 0 
7fa214021000-7fa218000000 ---p 00000000 00:00 0 
7fa218033000-7fa218059000 r-xp 00000000 08:02 8523585                    /usr/share/glib-2.0/schemas/gschemas.compiled
7fa218059000-7fa21814b000 r-xp 00000000 08:02 13369480                   /lib/x86_64-linux-gnu/libglib-2.0.so.0.3200.3
7fa21814b000-7fa21834b000 ---p 000f2000 08:02 13369480                   /lib/x86_64-linux-gnu/libglib-2.0.so.0.3200.3
7fa21834b000-7fa21834c000 r-xp 000f2000 08:02 13369480                   /lib/x86_64-linux-gnu/libglib-2.0.so.0.3200.3
7fa21834c000-7fa21834d000 rwxp 000f3000 08:02 13369480                   /lib/x86_64-linux-gnu/libglib-2.0.so.0.3200.3
7fa21834d000-7fa21834e000 rwxp 00000000 00:00 0 
7fa21834e000-7fa21839b000 r-xp 00000000 08:02 1313290                    /usr/lib/x86_64-linux-gnu/libgobject-2.0.so.0.3200.3
7fa21839b000-7fa21859b000 ---p 0004d000 08:02 1313290                    /usr/lib/x86_64-linux-gnu/libgobject-2.0.so.0.3200.3
7fa21859b000-7fa21859c000 r-xp 0004d000 08:02 1313290                    /usr/lib/x86_64-linux-gnu/libgobject-2.0.so.0.3200.3
7fa21859c000-7fa21859d000 rwxp 0004e000 08:02 1313290                    /usr/lib/x86_64-linux-gnu/libgobject-2.0.so.0.3200.3
7fa21859d000-7fa2185d1000 r-xp 00000000 08:02 1313659                    /usr/lib/x86_64-linux-gnu/libfontconfig.so.1.4.4
7fa2185d1000-7fa2187d1000 ---p 00034000 08:02 1313659                    /usr/lib/x86_64-linux-gnu/libfontconfig.so.1.4.4
7fa2187d1000-7fa2187d2000 r-xp 00034000 08:02 1313659                    /usr/lib/x86_64-linux-gnu/libfontconfig.so.1.4.4
7fa2187d2000-7fa2187d3000 rwxp 00035000 08:02 1313659                    /usr/lib/x86_64-linux-gnu/libfontconfig.so.1.4.4
7fa2187d3000-7fa218819000 r-xp 00000000 08:02 1313520                    /usr/lib/x86_64-linux-gnu/libpango-1.0.so.0.3000.0
7fa218819000-7fa218a19000 ---p 00046000 08:02 1313520                    /usr/lib/x86_64-linux-gnu/libpango-1.0.so.0.3000.0
7fa218a19000-7fa218a1b000 r-xp 00046000 08:02 1313520                    /usr/lib/x86_64-linux-gnu/libpango-1.0.so.0.3000.0
7fa218a1b000-7fa218a1c000 rwxp 00048000 08:02 1313520                    /usr/lib/x86_64-linux-gnu/libpango-1.0.so.0.3000.0
7fa218a1c000-7fa218a45000 r-xp 00000000 08:02 1311136                    /usr/lib/x86_64-linux-gnu/libpangoft2-1.0.so.0.3000.0
7fa218a45000-7fa218c44000 ---p 00029000 08:02 1311136                    /usr/lib/x86_64-linux-gnu/libpangoft2-1.0.so.0.3000.0
7fa218c44000-7fa218c45000 r-xp 00028000 08:02 1311136                    /usr/lib/x86_64-linux-gnu/libpangoft2-1.0.so.0.3000.0
7fa218c45000-7fa218c46000 rwxp 00029000 08:02 1311136                    /usr/lib/x86_64-linux-gnu/libpangoft2-1.0.so.0.3000.0
7fa218c46000-7fa218d8e000 r-xp 00000000 08:02 1311212                    /usr/lib/x86_64-linux-gnu/libgio-2.0.so.0.3200.3
7fa218d8e000-7fa218f8d000 ---p 00148000 08:02 1311212                    /usr/lib/x86_64-linux-gnu/libgio-2.0.so.0.3200.3
7fa218f8d000-7fa218f91000 r-xp 00147000 08:02 1311212                    /usr/lib/x86_64-linux-gnu/libgio-2.0.so.0.3200.3
7fa218f91000-7fa218f93000 rwxp 0014b000 08:02 1311212                    /usr/lib/x86_64-linux-gnu/libgio-2.0.so.0.3200.3
7fa218f93000-7fa218f95000 rwxp 00000000 00:00 0 
7fa218f95000-7fa218fb3000 r-xp 00000000 08:02 1314193                    /usr/lib/x86_64-linux-gnu/libgdk_pixbuf-2.0.so.0.2600.1
7fa218fb3000-7fa2191b3000 ---p 0001e000 08:02 1314193                    /usr/lib/x86_64-linux-gnu/libgdk_pixbuf-2.0.so.0.2600.1
7fa2191b3000-7fa2191b4000 r-xp 0001e000 08:02 1314193                    /usr/lib/x86_64-linux-gnu/libgdk_pixbuf-2.0.so.0.2600.1
7fa2191b4000-7fa2191b5000 rwxp 0001f000 08:02 1314193                    /usr/lib/x86_64-linux-gnu/libgdk_pixbuf-2.0.so.0.2600.1
7fa2191b5000-7fa21926e000 r-xp 00000000 08:02 1313285                    /usr/lib/x86_64-linux-gnu/libcairo.so.2.11000.2
7fa21926e000-7fa21946d000 ---p 000b9000 08:02 1313285                    /usr/lib/x86_64-linux-gnu/libcairo.so.2.11000.2
7fa21946d000-7fa21946f000 r-xp 000b8000 08:02 1313285                    /usr/lib/x86_64-linux-gnu/libcairo.so.2.11000.2
7fa21946f000-7fa219470000 rwxp 000ba000 08:02 1313285                    /usr/lib/x86_64-linux-gnu/libcairo.so.2.11000.2
7fa219470000-7fa219473000 rwxp 00000000 00:00 0 
7fa219473000-7fa219492000 r-xp 00000000 08:02 1322215                    /usr/lib/x86_64-linux-gnu/libatk-1.0.so.0.20409.1
7fa219492000-7fa219692000 ---p 0001f000 08:02 1322215                    /usr/lib/x86_64-linux-gnu/libatk-1.0.so.0.20409.1
7fa219692000-7fa219694000 r-xp 0001f000 08:02 1322215                    /usr/lib/x86_64-linux-gnu/libatk-1.0.so.0.20409.1
7fa219694000-7fa219695000 rwxp 00021000 08:02 1322215                    /usr/lib/x86_64-linux-gnu/libatk-1.0.so.0.20409.1
7fa219695000-7fa2196a0000 r-xp 00000000 08:02 1313521                    /usr/lib/x86_64-linux-gnu/libpangocairo-1.0.so.0.3000.0
7fa2196a0000-7fa21989f000 ---p 0000b000 08:02 1313521                    /usr/lib/x86_64-linux-gnu/libpangocairo-1.0.so.0.3000.0
7fa21989f000-7fa2198a0000 r-xp 0000a000 08:02 1313521                    /usr/lib/x86_64-linux-gnu/libpangocairo-1.0.so.0.3000.0
7fa2198a0000-7fa2198a1000 rwxp 0000b000 08:02 1313521                    /usr/lib/x86_64-linux-gnu/libpangocairo-1.0.so.0.3000.0
7fa2198a1000-7fa21994e000 r-xp 00000000 08:02 1314175                    /usr/lib/x86_64-linux-gnu/libgdk-x11-2.0.so.0.2400.10
7fa21994e000-7fa219b4d000 ---p 000ad000 08:02 1314175                    /usr/lib/x86_64-linux-gnu/libgdk-x11-2.0.so.0.2400.10
7fa219b4d000-7fa219b51000 r-xp 000ac000 08:02 1314175                    /usr/lib/x86_64-linux-gnu/libgdk-x11-2.0.so.0.2400.10
7fa219b51000-7fa219b53000 rwxp 000b0000 08:02 1314175                    /usr/lib/x86_64-linux-gnu/libgdk-x11-2.0.so.0.2400.10
7fa219b53000-7fa219f80000 r-xp 00000000 08:02 1313882                    /usr/lib/x86_64-linux-gnu/libgtk-x11-2.0.so.0.2400.10
7fa219f80000-7fa21a180000 ---p 0042d000 08:02 1313882                    /usr/lib/x86_64-linux-gnu/libgtk-x11-2.0.so.0.2400.10
7fa21a180000-7fa21a187000 r-xp 0042d000 08:02 1313882                    /usr/lib/x86_64-linux-gnu/libgtk-x11-2.0.so.0.2400.10
7fa21a187000-7fa21a18b000 rwxp 00434000 08:02 1313882                    /usr/lib/x86_64-linux-gnu/libgtk-x11-2.0.so.0.2400.10
7fa21a18b000-7fa21a18d000 rwxp 00000000 00:00 0 
7fa21a18d000-7fa21a190000 ---p 00000000 00:00 0 
7fa21a190000-7fa21a28e000 rwxp 00000000 00:00 0 
7fa21a28e000-7fa21a291000 ---p 00000000 00:00 0 
7fa21a291000-7fa21a38f000 rwxp 00000000 00:00 0 
7fa21a38f000-7fa21a396000 r-xp 00000000 08:02 4458421                    /usr/local/lib/jdk1.6.0_31/jre/lib/amd64/libnio.so
7fa21a396000-7fa21a495000 ---p 00007000 08:02 4458421                    /usr/local/lib/jdk1.6.0_31/jre/lib/amd64/libnio.so
7fa21a495000-7fa21a497000 rwxp 00006000 08:02 4458421                    /usr/local/lib/jdk1.6.0_31/jre/lib/amd64/libnio.so
7fa21a497000-7fa21a4aa000 r-xp 00000000 08:02 4458379                    /usr/local/lib/jdk1.6.0_31/jre/lib/amd64/libnet.so
7fa21a4aa000-7fa21a5ab000 ---p 00013000 08:02 4458379                    /usr/local/lib/jdk1.6.0_31/jre/lib/amd64/libnet.so
7fa21a5ab000-7fa21a5ae000 rwxp 00014000 08:02 4458379                    /usr/local/lib/jdk1.6.0_31/jre/lib/amd64/libnet.so
7fa21a5ae000-7fa21a5b1000 ---p 00000000 00:00 0 
7fa21a5b1000-7fa21a6af000 rwxp 00000000 00:00 0 
7fa21a6af000-7fa21a6b2000 ---p 00000000 00:00 0 
7fa21a6b2000-7fa21a7b0000 rwxp 00000000 00:00 0 
7fa21a7b0000-7fa21a7b3000 ---p 00000000 00:00 0 
7fa21a7b3000-7fa21a8b1000 rwxp 00000000 00:00 0 
7fa21a8b1000-7fa21a8b4000 ---p 00000000 00:00 0 
7fa21a8b4000-7fa21a9b2000 rwxp 00000000 00:00 0 
7fa21a9b2000-7fa21a9b7000 r-xp 00000000 08:02 1313198                    /usr/lib/x86_64-linux-gnu/libXfixes.so.3.1.0
7fa21a9b7000-7fa21abb6000 ---p 00005000 08:02 1313198                    /usr/lib/x86_64-linux-gnu/libXfixes.so.3.1.0
7fa21abb6000-7fa21abb7000 r-xp 00004000 08:02 1313198                    /usr/lib/x86_64-linux-gnu/libXfixes.so.3.1.0
7fa21abb7000-7fa21abb8000 rwxp 00005000 08:02 1313198                    /usr/lib/x86_64-linux-gnu/libXfixes.so.3.1.0
7fa21abb8000-7fa21abc1000 r-xp 00000000 08:02 1314577                    /usr/lib/x86_64-linux-gnu/libXrender.so.1.3.0
7fa21abc1000-7fa21adc0000 ---p 00009000 08:02 1314577                    /usr/lib/x86_64-linux-gnu/libXrender.so.1.3.0
7fa21adc0000-7fa21adc1000 r-xp 00008000 08:02 1314577                    /usr/lib/x86_64-linux-gnu/libXrender.so.1.3.0
7fa21adc1000-7fa21adc2000 rwxp 00009000 08:02 1314577                    /usr/lib/x86_64-linux-gnu/libXrender.so.1.3.0
7fa21adc2000-7fa21adcb000 r-xp 00000000 08:02 1311621                    /usr/lib/x86_64-linux-gnu/libXcursor.so.1.0.2
7fa21adcb000-7fa21afca000 ---p 00009000 08:02 1311621                    /usr/lib/x86_64-linux-gnu/libXcursor.so.1.0.2
7fa21afca000-7fa21afcb000 r-xp 00008000 08:02 1311621                    /usr/lib/x86_64-linux-gnu/libXcursor.so.1.0.2
7fa21afcb000-7fa21afcc000 rwxp 00009000 08:02 1311621                    /usr/lib/x86_64-linux-gnu/libXcursor.so.1.0.2
7fa21afd8000-7fa21aff0000 r-xs 00439000 08:06 6685890                    /home/jiangty/git/enclave/lib/jogl.all.jar
7fa21aff0000-7fa21aff3000 ---p 00000000 00:00 0 
7fa21aff3000-7fa21b0f1000 rwxp 00000000 00:00 0 
7fa21b0f1000-7fa21b16a000 r-xp 00000000 08:02 4458410                    /usr/local/lib/jdk1.6.0_31/jre/lib/amd64/libfontmanager.so
7fa21b16a000-7fa21b269000 ---p 00079000 08:02 4458410                    /usr/local/lib/jdk1.6.0_31/jre/lib/amd64/libfontmanager.so
7fa21b269000-7fa21b27e000 rwxp 00078000 08:02 4458410                    /usr/local/lib/jdk1.6.0_31/jre/lib/amd64/libfontmanager.so
7fa21b27e000-7fa21b290000 rwxp 00000000 00:00 0 
7fa21b290000-7fa21b295000 r-xp 00000000 08:02 1310822                    /usr/lib/x86_64-linux-gnu/libXdmcp.so.6.0.0
7fa21b295000-7fa21b494000 ---p 00005000 08:02 1310822                    /usr/lib/x86_64-linux-gnu/libXdmcp.so.6.0.0
7fa21b494000-7fa21b495000 r-xp 00004000 08:02 1310822                    /usr/lib/x86_64-linux-gnu/libXdmcp.so.6.0.0
7fa21b495000-7fa21b496000 rwxp 00005000 08:02 1310822                    /usr/lib/x86_64-linux-gnu/libXdmcp.so.6.0.0
7fa21b496000-7fa21b498000 r-xp 00000000 08:02 1310820                    /usr/lib/x86_64-linux-gnu/libXau.so.6.0.0
7fa21b498000-7fa21b697000 ---p 00002000 08:02 1310820                    /usr/lib/x86_64-linux-gnu/libXau.so.6.0.0
7fa21b697000-7fa21b698000 r-xp 00001000 08:02 1310820                    /usr/lib/x86_64-linux-gnu/libXau.so.6.0.0
7fa21b698000-7fa21b699000 rwxp 00002000 08:02 1310820                    /usr/lib/x86_64-linux-gnu/libXau.so.6.0.0
7fa21b699000-7fa21b6b6000 r-xp 00000000 08:02 1312985                    /usr/lib/x86_64-linux-gnu/libxcb.so.1.1.0
7fa21b6b6000-7fa21b8b5000 ---p 0001d000 08:02 1312985                    /usr/lib/x86_64-linux-gnu/libxcb.so.1.1.0
7fa21b8b5000-7fa21b8b6000 r-xp 0001c000 08:02 1312985                    /usr/lib/x86_64-linux-gnu/libxcb.so.1.1.0
7fa21b8b6000-7fa21b8b7000 rwxp 0001d000 08:02 1312985                    /usr/lib/x86_64-linux-gnu/libxcb.so.1.1.0
7fa21b8b7000-7fa21b8c5000 r-xp 00000000 08:02 1313254                    /usr/lib/x86_64-linux-gnu/libXi.so.6.1.0
7fa21b8c5000-7fa21bac4000 ---p 0000e000 08:02 1313254                    /usr/lib/x86_64-linux-gnu/libXi.so.6.1.0
7fa21bac4000-7fa21bac5000 r-xp 0000d000 08:02 1313254                    /usr/lib/x86_64-linux-gnu/libXi.so.6.1.0
7fa21bac5000-7fa21bac6000 rwxp 0000e000 08:02 1313254                    /usr/lib/x86_64-linux-gnu/libXi.so.6.1.0
7fa21bac6000-7fa21bacb000 r-xp 00000000 08:02 1314384                    /usr/lib/x86_64-linux-gnu/libXtst.so.6.1.0
7fa21bacb000-7fa21bcca000 ---p 00005000 08:02 1314384                    /usr/lib/x86_64-linux-gnu/libXtst.so.6.1.0
7fa21bcca000-7fa21bccb000 r-xp 00004000 08:02 1314384                    /usr/lib/x86_64-linux-gnu/libXtst.so.6.1.0
7fa21bccb000-7fa21bccc000 rwxp 00005000 08:02 1314384                    /usr/lib/x86_64-linux-gnu/libXtst.so.6.1.0
7fa21bccc000-7fa21bdfb000 r-xp 00000000 08:02 1312988                    /usr/lib/x86_64-linux-gnu/libX11.so.6.3.0
7fa21bdfb000-7fa21bffb000 ---p 0012f000 08:02 1312988                    /usr/lib/x86_64-linux-gnu/libX11.so.6.3.0
7fa21bffb000-7fa21bffc000 r-xp 0012f000 08:02 1312988                    /usr/lib/x86_64-linux-gnu/libX11.so.6.3.0
7fa21bffc000-7fa21c000000 rwxp 00130000 08:02 1312988                    /usr/lib/x86_64-linux-gnu/libX11.so.6.3.0
7fa21c000000-7fa21e125000 rwxp 00000000 00:00 0 
7fa21e125000-7fa220000000 ---p 00000000 00:00 0 
7fa220000000-7fa220021000 rwxp 00000000 00:00 0 
7fa220021000-7fa224000000 ---p 00000000 00:00 0 
7fa224000000-7fa224021000 rwxp 00000000 00:00 0 
7fa224021000-7fa228000000 ---p 00000000 00:00 0 
7fa228000000-7fa229c89000 rwxp 00000000 00:00 0 
7fa229c89000-7fa22c000000 ---p 00000000 00:00 0 
7fa22c000000-7fa22c021000 rwxp 00000000 00:00 0 
7fa22c021000-7fa230000000 ---p 00000000 00:00 0 
7fa230000000-7fa230021000 rwxp 00000000 00:00 0 
7fa230021000-7fa234000000 ---p 00000000 00:00 0 
7fa234000000-7fa234021000 rwxp 00000000 00:00 0 
7fa234021000-7fa238000000 ---p 00000000 00:00 0 
7fa238000000-7fa238036000 rwxp 00000000 00:00 0 
7fa238036000-7fa23c000000 ---p 00000000 00:00 0 
7fa23c000000-7fa23c021000 rwxp 00000000 00:00 0 
7fa23c021000-7fa240000000 ---p 00000000 00:00 0 
7fa240000000-7fa240021000 rwxp 00000000 00:00 0 
7fa240021000-7fa244000000 ---p 00000000 00:00 0 
7fa244000000-7fa244021000 rwxp 00000000 00:00 0 
7fa244021000-7fa248000000 ---p 00000000 00:00 0 
7fa248004000-7fa24800b000 r-xs 00000000 08:02 1447768                    /usr/lib/x86_64-linux-gnu/gconv/gconv-modules.cache
7fa24800b000-7fa24800f000 r-xp 00000000 08:06 2627627                    /home/jiangty/.config/dconf/user
7fa24800f000-7fa248017000 r-xs 00115000 08:02 3550688                    /usr/local/lib/jdk1.6.0_31/jre/lib/resources.jar
7fa248017000-7fa248018000 r-xs 00000000 08:02 32769893                   /var/cache/fontconfig/c05880de57d1f5e948fdfacc138775d9-le64.cache-3
7fa248018000-7fa248021000 r-xs 00000000 08:02 32772211                   /var/cache/fontconfig/945677eb7aeaf62f1d50efc3fb3ec7d8-le64.cache-3
7fa248021000-7fa248025000 r-xs 00000000 08:02 32769848                   /var/cache/fontconfig/99e8ed0e538f840c565b6ed5dad60d56-le64.cache-3
7fa248025000-7fa24802d000 r-xs 00000000 08:02 32772148                   /var/cache/fontconfig/a6d8cf8e4ec09cdbc8633c31745a07dd-le64.cache-3
7fa24802d000-7fa248031000 r-xs 00000000 08:02 32772227                   /var/cache/fontconfig/2cd17615ca594fa2959ae173292e504c-le64.cache-3
7fa248031000-7fa24805f000 r-xs 00000000 08:02 32768445                   /var/cache/fontconfig/365b55f210c0a22e9a19e35191240f32-le64.cache-3
7fa24805f000-7fa24806f000 r-xp 00000000 08:02 1311527                    /usr/lib/x86_64-linux-gnu/libXext.so.6.4.0
7fa24806f000-7fa24826e000 ---p 00010000 08:02 1311527                    /usr/lib/x86_64-linux-gnu/libXext.so.6.4.0
7fa24826e000-7fa24826f000 r-xp 0000f000 08:02 1311527                    /usr/lib/x86_64-linux-gnu/libXext.so.6.4.0
7fa24826f000-7fa248270000 rwxp 00010000 08:02 1311527                    /usr/lib/x86_64-linux-gnu/libXext.so.6.4.0
7fa248270000-7fa2482b2000 r-xp 00000000 08:02 4458423                    /usr/local/lib/jdk1.6.0_31/jre/lib/amd64/xawt/libmawt.so
7fa2482b2000-7fa2483b1000 ---p 00042000 08:02 4458423                    /usr/local/lib/jdk1.6.0_31/jre/lib/amd64/xawt/libmawt.so
7fa2483b1000-7fa2483bd000 rwxp 00041000 08:02 4458423                    /usr/local/lib/jdk1.6.0_31/jre/lib/amd64/xawt/libmawt.so
7fa2483bd000-7fa2483be000 rwxp 00000000 00:00 0 
7fa2483be000-7fa248450000 r-xp 00000000 08:02 4458403                    /usr/local/lib/jdk1.6.0_31/jre/lib/amd64/libawt.so
7fa248450000-7fa24854f000 ---p 00092000 08:02 4458403                    /usr/local/lib/jdk1.6.0_31/jre/lib/amd64/libawt.so
7fa24854f000-7fa248569000 rwxp 00091000 08:02 4458403                    /usr/local/lib/jdk1.6.0_31/jre/lib/amd64/libawt.so
7fa248569000-7fa24858d000 rwxp 00000000 00:00 0 
7fa24858d000-7fa24858e000 ---p 00000000 00:00 0 
7fa24858e000-7fa24868e000 rwxp 00000000 00:00 0 
7fa24868e000-7fa248691000 ---p 00000000 00:00 0 
7fa248691000-7fa24878f000 rwxp 00000000 00:00 0 
7fa24878f000-7fa248792000 ---p 00000000 00:00 0 
7fa248792000-7fa248890000 rwxp 00000000 00:00 0 
7fa248890000-7fa248893000 ---p 00000000 00:00 0 
7fa248893000-7fa248991000 rwxp 00000000 00:00 0 
7fa248991000-7fa248994000 ---p 00000000 00:00 0 
7fa248994000-7fa248a92000 rwxp 00000000 00:00 0 
7fa248a92000-7fa248eff000 r-xp 00000000 08:02 1311096                    /usr/lib/locale/locale-archive
7fa248eff000-7fa248f02000 ---p 00000000 00:00 0 
7fa248f02000-7fa249270000 rwxp 00000000 00:00 0 
7fa249270000-7fa24c5b6000 rwxp 00000000 00:00 0 
7fa24c5b6000-7fa250000000 ---p 00000000 00:00 0 
7fa250000000-7fa250010000 r-xs 00000000 08:02 32772119                   /var/cache/fontconfig/04aabc0a78ac019cf9454389977116d2-le64.cache-3
7fa250010000-7fa250015000 r-xs 00000000 08:02 32769553                   /var/cache/fontconfig/3047814df9a2f067bd2d96a2b9c36e5a-le64.cache-3
7fa250015000-7fa250016000 r-xs 00000000 08:02 32771740                   /var/cache/fontconfig/56cf4f4769d0f4abc89a4895d7bd3ae1-le64.cache-3
7fa250016000-7fa250017000 r-xs 00000000 08:02 32771737                   /var/cache/fontconfig/b9d506c9ac06c20b433354fa67a72993-le64.cache-3
7fa250017000-7fa25001c000 r-xs 00000000 08:02 32771727                   /var/cache/fontconfig/b47c4e1ecd0709278f4910c18777a504-le64.cache-3
7fa25001c000-7fa250024000 r-xs 00000000 08:02 32771735                   /var/cache/fontconfig/52f7bdb7ce746bfd7eaa1985bd9cfa93-le64.cache-3
7fa250024000-7fa250034000 r-xs 00000000 08:02 32771817                   /var/cache/fontconfig/d52a8644073d54c13679302ca1180695-le64.cache-3
7fa250034000-7fa25003a000 r-xs 00000000 08:02 32770833                   /var/cache/fontconfig/3f7329c5293ffd510edef78f73874cfd-le64.cache-3
7fa25003a000-7fa250046000 r-xs 00000000 08:02 32770872                   /var/cache/fontconfig/089dead882dea3570ffc31a9898cfb69-le64.cache-3
7fa250046000-7fa25004a000 r-xs 00000000 08:02 32768430                   /var/cache/fontconfig/cabbd14511b9e8a55e92af97fb3a0461-le64.cache-3
7fa25004a000-7fa250055000 r-xs 00000000 08:02 32768412                   /var/cache/fontconfig/e13b20fdb08344e0e664864cc2ede53d-le64.cache-3
7fa250055000-7fa250059000 r-xs 00000000 08:02 32769754                   /var/cache/fontconfig/7ef2298fde41cc6eeb7af42e48b7d293-le64.cache-3
7fa250059000-7fa25008a000 r-xs 00237000 08:06 6685854                    /home/jiangty/git/enclave/lib/battlecode-server.jar
7fa25008a000-7fa25008d000 ---p 00000000 00:00 0 
7fa25008d000-7fa25018b000 rwxp 00000000 00:00 0 
7fa25018b000-7fa25018c000 ---p 00000000 00:00 0 
7fa25018c000-7fa2507c5000 rwxp 00000000 00:00 0 
7fa2507c5000-7fa250961000 r-xs 030c2000 08:02 3550694                    /usr/local/lib/jdk1.6.0_31/jre/lib/rt.jar
7fa250961000-7fa250989000 rwxp 00000000 00:00 0 
7fa250989000-7fa25098a000 ---p 00000000 00:00 0 
7fa25098a000-7fa250a8a000 rwxp 00000000 00:00 0 
7fa250a8a000-7fa250a8b000 ---p 00000000 00:00 0 
7fa250a8b000-7fa250b8b000 rwxp 00000000 00:00 0 
7fa250b8b000-7fa250b8c000 ---p 00000000 00:00 0 
7fa250b8c000-7fa250c8c000 rwxp 00000000 00:00 0 
7fa250c8c000-7fa250c8d000 ---p 00000000 00:00 0 
7fa250c8d000-7fa250da4000 rwxp 00000000 00:00 0 
7fa250da4000-7fa250db6000 rwxp 00000000 00:00 0 
7fa250db6000-7fa250de6000 rwxp 00000000 00:00 0 
7fa250de6000-7fa250e0c000 rwxp 00000000 00:00 0 
7fa250e0c000-7fa250e23000 rwxp 00000000 00:00 0 
7fa250e23000-7fa250e35000 rwxp 00000000 00:00 0 
7fa250e35000-7fa250e65000 rwxp 00000000 00:00 0 
7fa250e65000-7fa250e8a000 rwxp 00000000 00:00 0 
7fa250e8a000-7fa250eb5000 rwxp 00000000 00:00 0 
7fa250eb5000-7fa250eb6000 rwxp 00000000 00:00 0 
7fa250eb6000-7fa250ec4000 r-xp 00000000 08:02 4458389                    /usr/local/lib/jdk1.6.0_31/jre/lib/amd64/libzip.so
7fa250ec4000-7fa250fc6000 ---p 0000e000 08:02 4458389                    /usr/local/lib/jdk1.6.0_31/jre/lib/amd64/libzip.so
7fa250fc6000-7fa250fc9000 rwxp 00010000 08:02 4458389                    /usr/local/lib/jdk1.6.0_31/jre/lib/amd64/libzip.so
7fa250fc9000-7fa250fca000 rwxp 00000000 00:00 0 
7fa250fca000-7fa250fd6000 r-xp 00000000 08:02 13373789                   /lib/x86_64-linux-gnu/libnss_files-2.15.so
7fa250fd6000-7fa2511d5000 ---p 0000c000 08:02 13373789                   /lib/x86_64-linux-gnu/libnss_files-2.15.so
7fa2511d5000-7fa2511d6000 r-xp 0000b000 08:02 13373789                   /lib/x86_64-linux-gnu/libnss_files-2.15.so
7fa2511d6000-7fa2511d7000 rwxp 0000c000 08:02 13373789                   /lib/x86_64-linux-gnu/libnss_files-2.15.so
7fa2511d7000-7fa2511e1000 r-xp 00000000 08:02 13373785                   /lib/x86_64-linux-gnu/libnss_nis-2.15.so
7fa2511e1000-7fa2513e1000 ---p 0000a000 08:02 13373785                   /lib/x86_64-linux-gnu/libnss_nis-2.15.so
7fa2513e1000-7fa2513e2000 r-xp 0000a000 08:02 13373785                   /lib/x86_64-linux-gnu/libnss_nis-2.15.so
7fa2513e2000-7fa2513e3000 rwxp 0000b000 08:02 13373785                   /lib/x86_64-linux-gnu/libnss_nis-2.15.so
7fa2513e3000-7fa2513eb000 r-xp 00000000 08:02 13373790                   /lib/x86_64-linux-gnu/libnss_compat-2.15.so
7fa2513eb000-7fa2515ea000 ---p 00008000 08:02 13373790                   /lib/x86_64-linux-gnu/libnss_compat-2.15.so
7fa2515ea000-7fa2515eb000 r-xp 00007000 08:02 13373790                   /lib/x86_64-linux-gnu/libnss_compat-2.15.so
7fa2515eb000-7fa2515ec000 rwxp 00008000 08:02 13373790                   /lib/x86_64-linux-gnu/libnss_compat-2.15.so
7fa2515ec000-7fa251603000 r-xp 00000000 08:02 13373798                   /lib/x86_64-linux-gnu/libnsl-2.15.so
7fa251603000-7fa251802000 ---p 00017000 08:02 13373798                   /lib/x86_64-linux-gnu/libnsl-2.15.so
7fa251802000-7fa251803000 r-xp 00016000 08:02 13373798                   /lib/x86_64-linux-gnu/libnsl-2.15.so
7fa251803000-7fa251804000 rwxp 00017000 08:02 13373798                   /lib/x86_64-linux-gnu/libnsl-2.15.so
7fa251804000-7fa251806000 rwxp 00000000 00:00 0 
7fa251806000-7fa25182f000 r-xp 00000000 08:02 4458390                    /usr/local/lib/jdk1.6.0_31/jre/lib/amd64/libjava.so
7fa25182f000-7fa25192e000 ---p 00029000 08:02 4458390                    /usr/local/lib/jdk1.6.0_31/jre/lib/amd64/libjava.so
7fa25192e000-7fa251935000 rwxp 00028000 08:02 4458390                    /usr/local/lib/jdk1.6.0_31/jre/lib/amd64/libjava.so
7fa251935000-7fa251942000 r-xp 00000000 08:02 4458404                    /usr/local/lib/jdk1.6.0_31/jre/lib/amd64/libverify.so
7fa251942000-7fa251a41000 ---p 0000d000 08:02 4458404                    /usr/local/lib/jdk1.6.0_31/jre/lib/amd64/libverify.so
7fa251a41000-7fa251a44000 rwxp 0000c000 08:02 4458404                    /usr/local/lib/jdk1.6.0_31/jre/lib/amd64/libverify.so
7fa251a44000-7fa251a4b000 r-xp 00000000 08:02 13373783                   /lib/x86_64-linux-gnu/librt-2.15.so
7fa251a4b000-7fa251c4a000 ---p 00007000 08:02 13373783                   /lib/x86_64-linux-gnu/librt-2.15.so
7fa251c4a000-7fa251c4b000 r-xp 00006000 08:02 13373783                   /lib/x86_64-linux-gnu/librt-2.15.so
7fa251c4b000-7fa251c4c000 rwxp 00007000 08:02 13373783                   /lib/x86_64-linux-gnu/librt-2.15.so
7fa251c4c000-7fa251c4f000 ---p 00000000 00:00 0 
7fa251c4f000-7fa251d4d000 rwxp 00000000 00:00 0 
7fa251d4d000-7fa251e48000 r-xp 00000000 08:02 13373787                   /lib/x86_64-linux-gnu/libm-2.15.so
7fa251e48000-7fa252047000 ---p 000fb000 08:02 13373787                   /lib/x86_64-linux-gnu/libm-2.15.so
7fa252047000-7fa252048000 r-xp 000fa000 08:02 13373787                   /lib/x86_64-linux-gnu/libm-2.15.so
7fa252048000-7fa252049000 rwxp 000fb000 08:02 13373787                   /lib/x86_64-linux-gnu/libm-2.15.so
7fa252049000-7fa252963000 r-xp 00000000 08:02 4458399                    /usr/local/lib/jdk1.6.0_31/jre/lib/amd64/server/libjvm.so
7fa252963000-7fa252a65000 ---p 0091a000 08:02 4458399                    /usr/local/lib/jdk1.6.0_31/jre/lib/amd64/server/libjvm.so
7fa252a65000-7fa252c1a000 rwxp 0091c000 08:02 4458399                    /usr/local/lib/jdk1.6.0_31/jre/lib/amd64/server/libjvm.so
7fa252c1a000-7fa252c54000 rwxp 00000000 00:00 0 
7fa252c54000-7fa252e09000 r-xp 00000000 08:02 13373779                   /lib/x86_64-linux-gnu/libc-2.15.so
7fa252e09000-7fa253008000 ---p 001b5000 08:02 13373779                   /lib/x86_64-linux-gnu/libc-2.15.so
7fa253008000-7fa25300c000 r-xp 001b4000 08:02 13373779                   /lib/x86_64-linux-gnu/libc-2.15.so
7fa25300c000-7fa25300e000 rwxp 001b8000 08:02 13373779                   /lib/x86_64-linux-gnu/libc-2.15.so
7fa25300e000-7fa253013000 rwxp 00000000 00:00 0 
7fa253013000-7fa253015000 r-xp 00000000 08:02 13372857                   /lib/x86_64-linux-gnu/libdl-2.15.so
7fa253015000-7fa253215000 ---p 00002000 08:02 13372857                   /lib/x86_64-linux-gnu/libdl-2.15.so
7fa253215000-7fa253216000 r-xp 00002000 08:02 13372857                   /lib/x86_64-linux-gnu/libdl-2.15.so
7fa253216000-7fa253217000 rwxp 00003000 08:02 13372857                   /lib/x86_64-linux-gnu/libdl-2.15.so
7fa253217000-7fa25322f000 r-xp 00000000 08:02 13373781                   /lib/x86_64-linux-gnu/libpthread-2.15.so
7fa25322f000-7fa25342e000 ---p 00018000 08:02 13373781                   /lib/x86_64-linux-gnu/libpthread-2.15.so
7fa25342e000-7fa25342f000 r-xp 00017000 08:02 13373781                   /lib/x86_64-linux-gnu/libpthread-2.15.so
7fa25342f000-7fa253430000 rwxp 00018000 08:02 13373781                   /lib/x86_64-linux-gnu/libpthread-2.15.so
7fa253430000-7fa253434000 rwxp 00000000 00:00 0 
7fa253434000-7fa253456000 r-xp 00000000 08:02 13373793                   /lib/x86_64-linux-gnu/ld-2.15.so
7fa253457000-7fa253458000 r-xs 00000000 08:02 32769736                   /var/cache/fontconfig/e7071f4a29fa870f4323321c154eba04-le64.cache-3
7fa253458000-7fa25345b000 r-xs 00000000 08:02 32769371                   /var/cache/fontconfig/b5ea634b0fb353b8ea17632d1f9ef766-le64.cache-3
7fa25345b000-7fa25345c000 r-xs 00000000 08:02 32771788                   /var/cache/fontconfig/0d8c3b2ac0904cb8a57a757ad11a4a08-le64.cache-3
7fa25345c000-7fa253462000 r-xs 00000000 08:02 32768423                   /var/cache/fontconfig/a755afe4a08bf5b97852ceb7400b47bc-le64.cache-3
7fa253462000-7fa25346c000 rwxp 00000000 00:00 0 
7fa25346c000-7fa253522000 rwxp 00000000 00:00 0 
7fa253522000-7fa253525000 rwxp 00000000 00:00 0 
7fa253525000-7fa25352c000 r-xp 00000000 08:02 4458417                    /usr/local/lib/jdk1.6.0_31/jre/lib/amd64/jli/libjli.so
7fa25352c000-7fa25362d000 ---p 00007000 08:02 4458417                    /usr/local/lib/jdk1.6.0_31/jre/lib/amd64/jli/libjli.so
7fa25362d000-7fa25362f000 rwxp 00008000 08:02 4458417                    /usr/local/lib/jdk1.6.0_31/jre/lib/amd64/jli/libjli.so
7fa25362f000-7fa253630000 rwxp 00000000 00:00 0 
7fa253631000-7fa253632000 rwxp 00000000 00:00 0 
7fa253632000-7fa253633000 r-xs 00000000 08:06 2627624                    /home/jiangty/.cache/dconf/user
7fa253633000-7fa25363c000 r-xs 00000000 08:02 32772212                   /var/cache/fontconfig/6d41288fd70b0be22e8c3a91e032eec0-le64.cache-3
7fa25363c000-7fa25363f000 r-xs 00000000 08:02 32772030                   /var/cache/fontconfig/385c0604a188198f04d133e54aba7fe7-le64.cache-3
7fa25363f000-7fa253640000 r-xs 00000000 08:02 32769722                   /var/cache/fontconfig/4794a0821666d79190d59a36cb4f44b5-le64.cache-3
7fa253640000-7fa253643000 r-xs 00000000 08:02 32771762                   /var/cache/fontconfig/8801497958630a81b71ace7c5f9b32a8-le64.cache-3
7fa253643000-7fa253644000 r-xs 00000000 08:06 6685863                    /home/jiangty/git/enclave/lib/battlecode-player.jar
7fa253644000-7fa25364a000 r-xs 0005a000 08:06 6685891                    /home/jiangty/git/enclave/lib/battlecode-client.jar
7fa25364a000-7fa253652000 rwxs 00000000 08:02 19923073                   /tmp/hsperfdata_jiangty/5135
7fa253652000-7fa253653000 rwxp 00000000 00:00 0 
7fa253653000-7fa253654000 r-xp 00000000 00:00 0 
7fa253654000-7fa253656000 rwxp 00000000 00:00 0 
7fa253656000-7fa253657000 r-xp 00022000 08:02 13373793                   /lib/x86_64-linux-gnu/ld-2.15.so
7fa253657000-7fa253659000 rwxp 00023000 08:02 13373793                   /lib/x86_64-linux-gnu/ld-2.15.so
7fff44127000-7fff4413d000 rwxp 00000000 00:00 0                          [stack]
7fff441ff000-7fff44200000 r-xp 00000000 00:00 0                          [vdso]
ffffffffff600000-ffffffffff601000 r-xp 00000000 00:00 0                  [vsyscall]

VM Arguments:
jvm_args: -Dapple.awt.graphics.UseQuartz=true -Dbc.server.map-path=/home/jiangty/git/enclave/maps -Xmx256m -Djava.library.path=/home/jiangty/git/enclave/lib 
java_command: battlecode.client.Main -c bc.conf
Launcher Type: SUN_STANDARD

Environment Variables:
JAVA_HOME=/usr/lib/jvm/jdk1.6.0_31/
PATH=/home/jiangty/bin:/usr/lib/lightdm/lightdm:/usr/local/sbin:/usr/local/bin:/usr/sbin:/usr/bin:/sbin:/bin:/usr/games:/usr/local/lib/jdk1.6.0_31/bin
LD_LIBRARY_PATH=/usr/local/lib/jdk1.6.0_31/jre/lib/amd64/server:/usr/local/lib/jdk1.6.0_31/jre/lib/amd64:/usr/local/lib/jdk1.6.0_31/jre/../lib/amd64:/usr/lib/jvm/jdk1.6.0_31/jre/lib/amd64/server:/usr/lib/jvm/jdk1.6.0_31/jre/lib/amd64:/usr/lib/jvm/jdk1.6.0_31/jre/../lib/amd64
SHELL=/bin/bash
DISPLAY=:0.0

Signal Handlers:
SIGSEGV: [libjvm.so+0x85f7d0], sa_mask[0]=0x7ffbfeff, sa_flags=0x10000004
SIGBUS: [libjvm.so+0x85f7d0], sa_mask[0]=0x7ffbfeff, sa_flags=0x10000004
SIGFPE: [libjvm.so+0x70e3e0], sa_mask[0]=0x7ffbfeff, sa_flags=0x10000004
SIGPIPE: SIG_IGN, sa_mask[0]=0x00001000, sa_flags=0x10000000
SIGXFSZ: [libjvm.so+0x70e3e0], sa_mask[0]=0x7ffbfeff, sa_flags=0x10000004
SIGILL: [libjvm.so+0x70e3e0], sa_mask[0]=0x7ffbfeff, sa_flags=0x10000004
SIGUSR1: SIG_DFL, sa_mask[0]=0x00000000, sa_flags=0x00000000
SIGUSR2: [libjvm.so+0x711210], sa_mask[0]=0x00000004, sa_flags=0x10000004
SIGHUP: [libjvm.so+0x710e10], sa_mask[0]=0x7ffbfeff, sa_flags=0x10000004
SIGINT: [libjvm.so+0x710e10], sa_mask[0]=0x7ffbfeff, sa_flags=0x10000004
SIGTERM: [libjvm.so+0x710e10], sa_mask[0]=0x7ffbfeff, sa_flags=0x10000004
SIGQUIT: [libjvm.so+0x710e10], sa_mask[0]=0x7ffbfeff, sa_flags=0x10000004


---------------  S Y S T E M  ---------------

OS:wheezy/sid

uname:Linux 2.6.32-38-generic #83-Ubuntu SMP Wed Jan 4 11:12:07 UTC 2012 x86_64
libc:glibc 2.15 NPTL 2.15 
rlimit: STACK 10240k, CORE 0k, NPROC 63601, NOFILE 1024, AS infinity
load average:0.76 0.85 0.79

/proc/meminfo:
MemTotal:        8150044 kB
MemFree:         3543900 kB
Buffers:          517836 kB
Cached:          1510224 kB
SwapCached:            0 kB
Active:          3073816 kB
Inactive:        1094188 kB
Active(anon):    2140648 kB
Inactive(anon):     9192 kB
Active(file):     933168 kB
Inactive(file):  1084996 kB
Unevictable:           0 kB
Mlocked:               0 kB
SwapTotal:       3998712 kB
SwapFree:        3998712 kB
Dirty:               812 kB
Writeback:             0 kB
AnonPages:       2139992 kB
Mapped:           246392 kB
Shmem:              9908 kB
Slab:             196280 kB
SReclaimable:     168512 kB
SUnreclaim:        27768 kB
KernelStack:        4464 kB
PageTables:        34248 kB
NFS_Unstable:          0 kB
Bounce:                0 kB
WritebackTmp:          0 kB
CommitLimit:     8073732 kB
Committed_AS:    5608488 kB
VmallocTotal:   34359738367 kB
VmallocUsed:      148836 kB
VmallocChunk:   34359531124 kB
HardwareCorrupted:     0 kB
HugePages_Total:       0
HugePages_Free:        0
HugePages_Rsvd:        0
HugePages_Surp:        0
Hugepagesize:       2048 kB
DirectMap4k:       38912 kB
DirectMap2M:     8308736 kB


CPU:total 4 (2 cores per cpu, 2 threads per core) family 6 model 42 stepping 7, cmov, cx8, fxsr, mmx, sse, sse2, sse3, ssse3, sse4.1, sse4.2, popcnt, ht

/proc/cpuinfo:
processor	: 0
vendor_id	: GenuineIntel
cpu family	: 6
model		: 42
model name	: Intel(R) Core(TM) i5-2520M CPU @ 2.50GHz
stepping	: 7
cpu MHz		: 1800.000
cache size	: 3072 KB
physical id	: 0
siblings	: 4
core id		: 0
cpu cores	: 2
apicid		: 0
initial apicid	: 0
fpu		: yes
fpu_exception	: yes
cpuid level	: 13
wp		: yes
flags		: fpu vme de pse tsc msr pae mce cx8 apic sep mtrr pge mca cmov pat pse36 clflush dts acpi mmx fxsr sse sse2 ss ht tm pbe syscall nx rdtscp lm constant_tsc arch_perfmon pebs bts rep_good xtopology nonstop_tsc aperfmperf pni pclmulqdq dtes64 monitor ds_cpl vmx smx est tm2 ssse3 cx16 xtpr pdcm sse4_1 sse4_2 x2apic popcnt aes xsave avx lahf_lm ida arat tpr_shadow vnmi flexpriority ept vpid
bogomips	: 4988.67
clflush size	: 64
cache_alignment	: 64
address sizes	: 36 bits physical, 48 bits virtual
power management:

processor	: 1
vendor_id	: GenuineIntel
cpu family	: 6
model		: 42
model name	: Intel(R) Core(TM) i5-2520M CPU @ 2.50GHz
stepping	: 7
cpu MHz		: 800.000
cache size	: 3072 KB
physical id	: 0
siblings	: 4
core id		: 1
cpu cores	: 2
apicid		: 2
initial apicid	: 2
fpu		: yes
fpu_exception	: yes
cpuid level	: 13
wp		: yes
flags		: fpu vme de pse tsc msr pae mce cx8 apic sep mtrr pge mca cmov pat pse36 clflush dts acpi mmx fxsr sse sse2 ss ht tm pbe syscall nx rdtscp lm constant_tsc arch_perfmon pebs bts rep_good xtopology nonstop_tsc aperfmperf pni pclmulqdq dtes64 monitor ds_cpl vmx smx est tm2 ssse3 cx16 xtpr pdcm sse4_1 sse4_2 x2apic popcnt aes xsave avx lahf_lm ida arat tpr_shadow vnmi flexpriority ept vpid
bogomips	: 4988.58
clflush size	: 64
cache_alignment	: 64
address sizes	: 36 bits physical, 48 bits virtual
power management:

processor	: 2
vendor_id	: GenuineIntel
cpu family	: 6
model		: 42
model name	: Intel(R) Core(TM) i5-2520M CPU @ 2.50GHz
stepping	: 7
cpu MHz		: 800.000
cache size	: 3072 KB
physical id	: 0
siblings	: 4
core id		: 0
cpu cores	: 2
apicid		: 1
initial apicid	: 1
fpu		: yes
fpu_exception	: yes
cpuid level	: 13
wp		: yes
flags		: fpu vme de pse tsc msr pae mce cx8 apic sep mtrr pge mca cmov pat pse36 clflush dts acpi mmx fxsr sse sse2 ss ht tm pbe syscall nx rdtscp lm constant_tsc arch_perfmon pebs bts rep_good xtopology nonstop_tsc aperfmperf pni pclmulqdq dtes64 monitor ds_cpl vmx smx est tm2 ssse3 cx16 xtpr pdcm sse4_1 sse4_2 x2apic popcnt aes xsave avx lahf_lm ida arat tpr_shadow vnmi flexpriority ept vpid
bogomips	: 4988.59
clflush size	: 64
cache_alignment	: 64
address sizes	: 36 bits physical, 48 bits virtual
power management:

processor	: 3
vendor_id	: GenuineIntel
cpu family	: 6
model		: 42
model name	: Intel(R) Core(TM) i5-2520M CPU @ 2.50GHz
stepping	: 7
cpu MHz		: 800.000
cache size	: 3072 KB
physical id	: 0
siblings	: 4
core id		: 1
cpu cores	: 2
apicid		: 3
initial apicid	: 3
fpu		: yes
fpu_exception	: yes
cpuid level	: 13
wp		: yes
flags		: fpu vme de pse tsc msr pae mce cx8 apic sep mtrr pge mca cmov pat pse36 clflush dts acpi mmx fxsr sse sse2 ss ht tm pbe syscall nx rdtscp lm constant_tsc arch_perfmon pebs bts rep_good xtopology nonstop_tsc aperfmperf pni pclmulqdq dtes64 monitor ds_cpl vmx smx est tm2 ssse3 cx16 xtpr pdcm sse4_1 sse4_2 x2apic popcnt aes xsave avx lahf_lm ida arat tpr_shadow vnmi flexpriority ept vpid
bogomips	: 4988.59
clflush size	: 64
cache_alignment	: 64
address sizes	: 36 bits physical, 48 bits virtual
power management:



Memory: 4k page, physical 8150044k(3543900k free), swap 3998712k(3998712k free)

vm_info: Java HotSpot(TM) 64-Bit Server VM (20.6-b01) for linux-amd64 JRE (1.6.0_31-b04), built on Jan 20 2012 10:18:50 by "java_re" with gcc 3.2.2 (SuSE Linux)

time: Mon Jan 21 08:58:05 2013
elapsed time: 30 seconds

